{"/home/travis/build/npmtest/node-npmtest-gulp-ngdocs/test.js":{"path":"/home/travis/build/npmtest/node-npmtest-gulp-ngdocs/test.js","s":{"1":2,"2":2,"3":2,"4":2,"5":2,"6":2,"7":2,"8":1,"9":2,"10":2,"11":1,"12":1,"13":1,"14":1,"15":2,"16":2,"17":2,"18":2,"19":1,"20":1,"21":2,"22":2,"23":2,"24":1,"25":1,"26":1,"27":1,"28":1,"29":1,"30":1,"31":1,"32":1,"33":1,"34":1,"35":1,"36":1,"37":1,"38":1,"39":2,"40":2,"41":1,"42":2,"43":2,"44":1,"45":2,"46":2,"47":1,"48":2,"49":2,"50":1,"51":1,"52":1,"53":1,"54":1},"b":{"1":[2,1,1,1],"2":[1,1,1,1],"3":[1,1],"4":[1,1],"5":[1,1],"6":[1,1],"7":[1,1],"8":[1,1],"9":[1,1],"10":[1,1,1],"11":[1,1],"12":[1,1],"13":[1,1],"14":[1,1],"15":[1,1],"16":[1,1],"17":[1,1]},"f":{"1":2,"2":2,"3":2,"4":2,"5":2,"6":1,"7":1,"8":1,"9":2,"10":2,"11":2,"12":2,"13":1},"fnMap":{"1":{"name":"(anonymous_1)","line":12,"loc":{"start":{"line":12,"column":1},"end":{"line":12,"column":13}}},"2":{"name":"(anonymous_2)","line":19,"loc":{"start":{"line":19,"column":5},"end":{"line":19,"column":17}}},"3":{"name":"(anonymous_3)","line":23,"loc":{"start":{"line":23,"column":24},"end":{"line":23,"column":36}}},"4":{"name":"(anonymous_4)","line":61,"loc":{"start":{"line":61,"column":5},"end":{"line":61,"column":17}}},"5":{"name":"(anonymous_5)","line":82,"loc":{"start":{"line":82,"column":5},"end":{"line":82,"column":17}}},"6":{"name":"(anonymous_6)","line":91,"loc":{"start":{"line":91,"column":77},"end":{"line":94,"column":10}}},"7":{"name":"(anonymous_7)","line":112,"loc":{"start":{"line":112,"column":83},"end":{"line":115,"column":10}},"skip":true},"8":{"name":"(anonymous_8)","line":123,"loc":{"start":{"line":123,"column":77},"end":{"line":126,"column":10}},"skip":true},"9":{"name":"(anonymous_9)","line":139,"loc":{"start":{"line":139,"column":12},"end":{"line":139,"column":40}},"skip":true},"10":{"name":"(anonymous_10)","line":147,"loc":{"start":{"line":147,"column":77},"end":{"line":150,"column":10}},"skip":true},"11":{"name":"(anonymous_11)","line":158,"loc":{"start":{"line":158,"column":83},"end":{"line":161,"column":10}},"skip":true},"12":{"name":"(anonymous_12)","line":169,"loc":{"start":{"line":169,"column":79},"end":{"line":172,"column":10}},"skip":true},"13":{"name":"(anonymous_13)","line":180,"loc":{"start":{"line":180,"column":75},"end":{"line":183,"column":10}},"skip":true}},"statementMap":{"1":{"start":{"line":12,"column":0},"end":{"line":195,"column":5}},"2":{"start":{"line":14,"column":4},"end":{"line":14,"column":14}},"3":{"start":{"line":19,"column":4},"end":{"line":56,"column":9}},"4":{"start":{"line":21,"column":8},"end":{"line":21,"column":19}},"5":{"start":{"line":23,"column":8},"end":{"line":35,"column":13}},"6":{"start":{"line":24,"column":12},"end":{"line":34,"column":13}},"7":{"start":{"line":25,"column":16},"end":{"line":28,"column":30}},"8":{"start":{"line":30,"column":16},"end":{"line":33,"column":27}},"9":{"start":{"line":37,"column":8},"end":{"line":39,"column":21}},"10":{"start":{"line":40,"column":8},"end":{"line":53,"column":9}},"11":{"start":{"line":43,"column":12},"end":{"line":46,"column":14}},"12":{"start":{"line":47,"column":12},"end":{"line":47,"column":18}},"13":{"start":{"line":50,"column":12},"end":{"line":51,"column":46}},"14":{"start":{"line":52,"column":12},"end":{"line":52,"column":18}},"15":{"start":{"line":55,"column":8},"end":{"line":55,"column":35}},"16":{"start":{"line":61,"column":4},"end":{"line":63,"column":9}},"17":{"start":{"line":62,"column":8},"end":{"line":62,"column":15}},"18":{"start":{"line":64,"column":4},"end":{"line":77,"column":5}},"19":{"start":{"line":70,"column":8},"end":{"line":70,"column":14}},"20":{"start":{"line":76,"column":8},"end":{"line":76,"column":14}},"21":{"start":{"line":82,"column":4},"end":{"line":84,"column":9}},"22":{"start":{"line":83,"column":8},"end":{"line":83,"column":15}},"23":{"start":{"line":85,"column":4},"end":{"line":194,"column":5}},"24":{"start":{"line":91,"column":8},"end":{"line":99,"column":10}},"25":{"start":{"line":98,"column":12},"end":{"line":98,"column":35}},"26":{"start":{"line":102,"column":8},"end":{"line":104,"column":63}},"27":{"start":{"line":105,"column":8},"end":{"line":105,"column":14}},"28":{"start":{"line":112,"column":8},"end":{"line":121,"column":10},"skip":true},"29":{"start":{"line":119,"column":12},"end":{"line":119,"column":55},"skip":true},"30":{"start":{"line":120,"column":12},"end":{"line":120,"column":48},"skip":true},"31":{"start":{"line":123,"column":8},"end":{"line":136,"column":10},"skip":true},"32":{"start":{"line":130,"column":12},"end":{"line":130,"column":76},"skip":true},"33":{"start":{"line":131,"column":12},"end":{"line":131,"column":73},"skip":true},"34":{"start":{"line":132,"column":12},"end":{"line":132,"column":74},"skip":true},"35":{"start":{"line":133,"column":12},"end":{"line":133,"column":79},"skip":true},"36":{"start":{"line":134,"column":12},"end":{"line":134,"column":25},"skip":true},"37":{"start":{"line":135,"column":12},"end":{"line":135,"column":45},"skip":true},"38":{"start":{"line":138,"column":8},"end":{"line":145,"column":14},"skip":true},"39":{"start":{"line":143,"column":16},"end":{"line":143,"column":29},"skip":true},"40":{"start":{"line":144,"column":16},"end":{"line":144,"column":55},"skip":true},"41":{"start":{"line":147,"column":8},"end":{"line":156,"column":10},"skip":true},"42":{"start":{"line":154,"column":12},"end":{"line":154,"column":25},"skip":true},"43":{"start":{"line":155,"column":12},"end":{"line":155,"column":45},"skip":true},"44":{"start":{"line":158,"column":8},"end":{"line":167,"column":10},"skip":true},"45":{"start":{"line":165,"column":12},"end":{"line":165,"column":25},"skip":true},"46":{"start":{"line":166,"column":12},"end":{"line":166,"column":48},"skip":true},"47":{"start":{"line":169,"column":8},"end":{"line":178,"column":10},"skip":true},"48":{"start":{"line":176,"column":12},"end":{"line":176,"column":25},"skip":true},"49":{"start":{"line":177,"column":12},"end":{"line":177,"column":46},"skip":true},"50":{"start":{"line":180,"column":8},"end":{"line":189,"column":10},"skip":true},"51":{"start":{"line":187,"column":12},"end":{"line":187,"column":94},"skip":true},"52":{"start":{"line":188,"column":12},"end":{"line":188,"column":48},"skip":true},"53":{"start":{"line":192,"column":8},"end":{"line":192,"column":35},"skip":true},"54":{"start":{"line":193,"column":8},"end":{"line":193,"column":14},"skip":true}},"branchMap":{"1":{"line":25,"type":"binary-expr","locations":[{"start":{"line":25,"column":23},"end":{"line":25,"column":62}},{"start":{"line":26,"column":20},"end":{"line":26,"column":70}},{"start":{"line":27,"column":20},"end":{"line":27,"column":71}},{"start":{"line":28,"column":20},"end":{"line":28,"column":29}}]},"2":{"line":30,"type":"binary-expr","locations":[{"start":{"line":30,"column":23},"end":{"line":30,"column":37}},{"start":{"line":31,"column":20},"end":{"line":31,"column":61}},{"start":{"line":32,"column":20},"end":{"line":32,"column":70}},{"start":{"line":33,"column":20},"end":{"line":33,"column":26}}]},"3":{"line":37,"type":"cond-expr","locations":[{"start":{"line":38,"column":14},"end":{"line":38,"column":20}},{"start":{"line":39,"column":14},"end":{"line":39,"column":20}}]},"4":{"line":40,"type":"switch","locations":[{"start":{"line":42,"column":8},"end":{"line":47,"column":18}},{"start":{"line":49,"column":8},"end":{"line":52,"column":18}}]},"5":{"line":44,"type":"binary-expr","locations":[{"start":{"line":44,"column":16},"end":{"line":44,"column":44}},{"start":{"line":44,"column":48},"end":{"line":44,"column":66}}]},"6":{"line":50,"type":"binary-expr","locations":[{"start":{"line":50,"column":21},"end":{"line":50,"column":49}},{"start":{"line":50,"column":53},"end":{"line":50,"column":72}}]},"7":{"line":64,"type":"switch","locations":[{"start":{"line":69,"column":4},"end":{"line":70,"column":14}},{"start":{"line":75,"column":4},"end":{"line":76,"column":14}}]},"8":{"line":85,"type":"switch","locations":[{"start":{"line":90,"column":4},"end":{"line":105,"column":14}},{"start":{"line":111,"column":4},"end":{"line":193,"column":14},"skip":true}]},"9":{"line":91,"type":"binary-expr","locations":[{"start":{"line":91,"column":42},"end":{"line":91,"column":73}},{"start":{"line":91,"column":77},"end":{"line":99,"column":9}}]},"10":{"line":102,"type":"binary-expr","locations":[{"start":{"line":102,"column":18},"end":{"line":102,"column":32}},{"start":{"line":103,"column":12},"end":{"line":103,"column":53}},{"start":{"line":104,"column":12},"end":{"line":104,"column":61}}]},"11":{"line":112,"type":"binary-expr","locations":[{"start":{"line":112,"column":45},"end":{"line":112,"column":79},"skip":true},{"start":{"line":112,"column":83},"end":{"line":121,"column":9},"skip":true}]},"12":{"line":123,"type":"binary-expr","locations":[{"start":{"line":123,"column":42},"end":{"line":123,"column":73},"skip":true},{"start":{"line":123,"column":77},"end":{"line":136,"column":9},"skip":true}]},"13":{"line":138,"type":"binary-expr","locations":[{"start":{"line":138,"column":48},"end":{"line":138,"column":85},"skip":true},{"start":{"line":139,"column":12},"end":{"line":145,"column":13},"skip":true}]},"14":{"line":147,"type":"binary-expr","locations":[{"start":{"line":147,"column":42},"end":{"line":147,"column":73},"skip":true},{"start":{"line":147,"column":77},"end":{"line":156,"column":9},"skip":true}]},"15":{"line":158,"type":"binary-expr","locations":[{"start":{"line":158,"column":45},"end":{"line":158,"column":79},"skip":true},{"start":{"line":158,"column":83},"end":{"line":167,"column":9},"skip":true}]},"16":{"line":169,"type":"binary-expr","locations":[{"start":{"line":169,"column":43},"end":{"line":169,"column":75},"skip":true},{"start":{"line":169,"column":79},"end":{"line":178,"column":9},"skip":true}]},"17":{"line":180,"type":"binary-expr","locations":[{"start":{"line":180,"column":41},"end":{"line":180,"column":71},"skip":true},{"start":{"line":180,"column":75},"end":{"line":189,"column":9},"skip":true}]}},"code":["/* istanbul instrument in package npmtest_gulp_ngdocs */","/*jslint","    bitwise: true,","    browser: true,","    maxerr: 8,","    maxlen: 96,","    node: true,","    nomen: true,","    regexp: true,","    stupid: true","*/","(function () {","    'use strict';","    var local;","","","","    // run shared js-env code - pre-init","    (function () {","        // init local","        local = {};","        // init modeJs","        local.modeJs = (function () {","            try {","                return typeof navigator.userAgent === 'string' &&","                    typeof document.querySelector('body') === 'object' &&","                    typeof XMLHttpRequest.prototype.open === 'function' &&","                    'browser';","            } catch (errorCaughtBrowser) {","                return module.exports &&","                    typeof process.versions.node === 'string' &&","                    typeof require('http').createServer === 'function' &&","                    'node';","            }","        }());","        // init global","        local.global = local.modeJs === 'browser'","            ? window","            : global;","        switch (local.modeJs) {","        // re-init local from window.local","        case 'browser':","            local = local.global.utility2.objectSetDefault(","                local.global.utility2_rollup || local.global.local,","                local.global.utility2","            );","            break;","        // re-init local from example.js","        case 'node':","            local = (local.global.utility2_rollup || require('utility2'))","                .requireExampleJsFromReadme();","            break;","        }","        // export local","        local.global.local = local;","    }());","","","","    // run shared js-env code - function","    (function () {","        return;","    }());","    switch (local.modeJs) {","","","","    // run browser js-env code - function","    case 'browser':","        break;","","","","    // run node js-env code - function","    case 'node':","        break;","    }","","","","    // run shared js-env code - post-init","    (function () {","        return;","    }());","    switch (local.modeJs) {","","","","    // run browser js-env code - post-init","    case 'browser':","        local.testCase_browser_nullCase = local.testCase_browser_nullCase || function (","            options,","            onError","        ) {","        /*","         * this function will test browsers's null-case handling-behavior-behavior","         */","            onError(null, options);","        };","","        // run tests","        local.nop(local.modeTest &&","            document.querySelector('#testRunButton1') &&","            document.querySelector('#testRunButton1').click());","        break;","","","","    // run node js-env code - post-init","    /* istanbul ignore next */","    case 'node':","        local.testCase_buildApidoc_default = local.testCase_buildApidoc_default || function (","            options,","            onError","        ) {","        /*","         * this function will test buildApidoc's default handling-behavior-behavior","         */","            options = { modulePathList: module.paths };","            local.buildApidoc(options, onError);","        };","","        local.testCase_buildApp_default = local.testCase_buildApp_default || function (","            options,","            onError","        ) {","        /*","         * this function will test buildApp's default handling-behavior-behavior","         */","            local.testCase_buildReadme_default(options, local.onErrorThrow);","            local.testCase_buildLib_default(options, local.onErrorThrow);","            local.testCase_buildTest_default(options, local.onErrorThrow);","            local.testCase_buildCustomOrg_default(options, local.onErrorThrow);","            options = [];","            local.buildApp(options, onError);","        };","","        local.testCase_buildCustomOrg_default = local.testCase_buildCustomOrg_default ||","            function (options, onError) {","            /*","             * this function will test buildCustomOrg's default handling-behavior","             */","                options = {};","                local.buildCustomOrg(options, onError);","            };","","        local.testCase_buildLib_default = local.testCase_buildLib_default || function (","            options,","            onError","        ) {","        /*","         * this function will test buildLib's default handling-behavior","         */","            options = {};","            local.buildLib(options, onError);","        };","","        local.testCase_buildReadme_default = local.testCase_buildReadme_default || function (","            options,","            onError","        ) {","        /*","         * this function will test buildReadme's default handling-behavior-behavior","         */","            options = {};","            local.buildReadme(options, onError);","        };","","        local.testCase_buildTest_default = local.testCase_buildTest_default || function (","            options,","            onError","        ) {","        /*","         * this function will test buildTest's default handling-behavior","         */","            options = {};","            local.buildTest(options, onError);","        };","","        local.testCase_webpage_default = local.testCase_webpage_default || function (","            options,","            onError","        ) {","        /*","         * this function will test webpage's default handling-behavior","         */","            options = { modeCoverageMerge: true, url: local.serverLocalHost + '?modeTest=1' };","            local.browserTest(options, onError);","        };","","        // run test-server","        local.testRunServer(local);","        break;","    }","}());",""],"l":{"12":2,"14":2,"19":2,"21":2,"23":2,"24":2,"25":2,"30":1,"37":2,"40":2,"43":1,"47":1,"50":1,"52":1,"55":2,"61":2,"62":2,"64":2,"70":1,"76":1,"82":2,"83":2,"85":2,"91":1,"98":1,"102":1,"105":1,"112":1,"119":1,"120":1,"123":1,"130":1,"131":1,"132":1,"133":1,"134":1,"135":1,"138":1,"143":2,"144":2,"147":1,"154":2,"155":2,"158":1,"165":2,"166":2,"169":1,"176":2,"177":2,"180":1,"187":1,"188":1,"192":1,"193":1}},"/home/travis/build/npmtest/node-npmtest-gulp-ngdocs/lib.npmtest_gulp_ngdocs.js":{"path":"/home/travis/build/npmtest/node-npmtest-gulp-ngdocs/lib.npmtest_gulp_ngdocs.js","s":{"1":2,"2":2,"3":2,"4":2,"5":2,"6":2,"7":2,"8":1,"9":2,"10":2,"11":2,"12":2,"13":1,"14":1,"15":1,"16":1},"b":{"1":[2,1,1,1],"2":[1,1,1,1],"3":[1,1],"4":[2,2],"5":[1,1]},"f":{"1":2,"2":2,"3":2},"fnMap":{"1":{"name":"(anonymous_1)","line":12,"loc":{"start":{"line":12,"column":1},"end":{"line":12,"column":13}}},"2":{"name":"(anonymous_2)","line":19,"loc":{"start":{"line":19,"column":5},"end":{"line":19,"column":17}}},"3":{"name":"(anonymous_3)","line":23,"loc":{"start":{"line":23,"column":24},"end":{"line":23,"column":36}}}},"statementMap":{"1":{"start":{"line":12,"column":0},"end":{"line":53,"column":5}},"2":{"start":{"line":14,"column":4},"end":{"line":14,"column":14}},"3":{"start":{"line":19,"column":4},"end":{"line":52,"column":9}},"4":{"start":{"line":21,"column":8},"end":{"line":21,"column":19}},"5":{"start":{"line":23,"column":8},"end":{"line":35,"column":13}},"6":{"start":{"line":24,"column":12},"end":{"line":34,"column":13}},"7":{"start":{"line":25,"column":16},"end":{"line":28,"column":30}},"8":{"start":{"line":30,"column":16},"end":{"line":33,"column":27}},"9":{"start":{"line":37,"column":8},"end":{"line":39,"column":21}},"10":{"start":{"line":41,"column":8},"end":{"line":41,"column":54}},"11":{"start":{"line":43,"column":8},"end":{"line":43,"column":56}},"12":{"start":{"line":45,"column":8},"end":{"line":51,"column":9}},"13":{"start":{"line":46,"column":12},"end":{"line":46,"column":62}},"14":{"start":{"line":48,"column":12},"end":{"line":48,"column":35}},"15":{"start":{"line":49,"column":12},"end":{"line":49,"column":49}},"16":{"start":{"line":50,"column":12},"end":{"line":50,"column":43}}},"branchMap":{"1":{"line":25,"type":"binary-expr","locations":[{"start":{"line":25,"column":23},"end":{"line":25,"column":62}},{"start":{"line":26,"column":20},"end":{"line":26,"column":70}},{"start":{"line":27,"column":20},"end":{"line":27,"column":71}},{"start":{"line":28,"column":20},"end":{"line":28,"column":29}}]},"2":{"line":30,"type":"binary-expr","locations":[{"start":{"line":30,"column":23},"end":{"line":30,"column":37}},{"start":{"line":31,"column":20},"end":{"line":31,"column":61}},{"start":{"line":32,"column":20},"end":{"line":32,"column":70}},{"start":{"line":33,"column":20},"end":{"line":33,"column":26}}]},"3":{"line":37,"type":"cond-expr","locations":[{"start":{"line":38,"column":14},"end":{"line":38,"column":20}},{"start":{"line":39,"column":14},"end":{"line":39,"column":20}}]},"4":{"line":41,"type":"binary-expr","locations":[{"start":{"line":41,"column":16},"end":{"line":41,"column":44}},{"start":{"line":41,"column":48},"end":{"line":41,"column":53}}]},"5":{"line":45,"type":"if","locations":[{"start":{"line":45,"column":8},"end":{"line":45,"column":8}},{"start":{"line":45,"column":8},"end":{"line":45,"column":8}}]}},"code":["/* istanbul instrument in package npmtest_gulp_ngdocs */","/*jslint","    bitwise: true,","    browser: true,","    maxerr: 8,","    maxlen: 96,","    node: true,","    nomen: true,","    regexp: true,","    stupid: true","*/","(function () {","    'use strict';","    var local;","","","","    // run shared js-env code - pre-init","    (function () {","        // init local","        local = {};","        // init modeJs","        local.modeJs = (function () {","            try {","                return typeof navigator.userAgent === 'string' &&","                    typeof document.querySelector('body') === 'object' &&","                    typeof XMLHttpRequest.prototype.open === 'function' &&","                    'browser';","            } catch (errorCaughtBrowser) {","                return module.exports &&","                    typeof process.versions.node === 'string' &&","                    typeof require('http').createServer === 'function' &&","                    'node';","            }","        }());","        // init global","        local.global = local.modeJs === 'browser'","            ? window","            : global;","        // init utility2_rollup","        local = local.global.utility2_rollup || local;","        // init lib","        local.local = local.npmtest_gulp_ngdocs = local;","        // init exports","        if (local.modeJs === 'browser') {","            local.global.utility2_npmtest_gulp_ngdocs = local;","        } else {","            module.exports = local;","            module.exports.__dirname = __dirname;","            module.exports.module = module;","        }","    }());","}());",""],"l":{"12":2,"14":2,"19":2,"21":2,"23":2,"24":2,"25":2,"30":1,"37":2,"41":2,"43":2,"45":2,"46":1,"48":1,"49":1,"50":1}},"/home/travis/build/npmtest/node-npmtest-gulp-ngdocs/example.js":{"path":"/home/travis/build/npmtest/node-npmtest-gulp-ngdocs/example.js","s":{"1":2,"2":2,"3":2,"4":2,"5":2,"6":2,"7":2,"8":1,"9":2,"10":2,"11":2,"12":2,"13":1,"14":2,"15":2,"16":2,"17":2,"18":2,"19":0,"20":2,"21":1,"22":1,"23":1,"24":1,"25":1,"26":0,"27":0,"28":1,"29":1,"30":2,"31":0,"32":0,"33":0,"34":1,"35":2,"36":2,"37":3,"38":3,"39":3,"40":3,"41":0,"42":3,"43":3,"44":3,"45":1,"46":3,"47":1,"48":1,"49":1,"50":1,"51":1,"52":1,"53":1,"54":1,"55":1,"56":1,"57":0,"58":1,"59":6,"60":6,"61":1,"62":2,"63":0,"64":2,"65":1,"66":1,"67":0,"68":0,"69":0,"70":0,"71":0,"72":0,"73":0,"74":0,"75":0,"76":0,"77":0,"78":0,"79":0,"80":0,"81":0,"82":0,"83":0},"b":{"1":[2,1,1,1],"2":[1,1,1,1],"3":[1,1],"4":[2,2],"5":[1,1],"6":[1,1],"7":[2,0],"8":[2,1,1,1,1,1],"9":[0,2,0],"10":[1,1],"11":[2,1,1],"12":[1,0],"13":[0,2],"14":[2,0,0,0,0,0,0],"15":[0,3],"16":[3,0],"17":[1,1],"18":[0,1],"19":[1,2,0,2],"20":[1,0],"21":[1,1],"22":[0,0],"23":[0,0],"24":[0,0],"25":[0,0],"26":[0,0],"27":[0,0],"28":[0,0]},"f":{"1":2,"2":2,"3":2,"4":2,"5":2,"6":2,"7":3,"8":3,"9":3,"10":1,"11":6,"12":0},"fnMap":{"1":{"name":"(anonymous_1)","line":26,"loc":{"start":{"line":26,"column":1},"end":{"line":26,"column":13}}},"2":{"name":"(anonymous_2)","line":33,"loc":{"start":{"line":33,"column":5},"end":{"line":33,"column":17}}},"3":{"name":"(anonymous_3)","line":37,"loc":{"start":{"line":37,"column":24},"end":{"line":37,"column":36}}},"4":{"name":"(anonymous_4)","line":69,"loc":{"start":{"line":69,"column":31},"end":{"line":69,"column":48}},"skip":true},"5":{"name":"(anonymous_5)","line":78,"loc":{"start":{"line":78,"column":26},"end":{"line":78,"column":45}},"skip":true},"6":{"name":"(anonymous_6)","line":123,"loc":{"start":{"line":123,"column":33},"end":{"line":123,"column":48}},"skip":true},"7":{"name":"(anonymous_7)","line":125,"loc":{"start":{"line":125,"column":27},"end":{"line":125,"column":39}},"skip":true},"8":{"name":"(anonymous_8)","line":133,"loc":{"start":{"line":133,"column":59},"end":{"line":133,"column":74}},"skip":true},"9":{"name":"(anonymous_9)","line":143,"loc":{"start":{"line":143,"column":45},"end":{"line":143,"column":62}},"skip":true},"10":{"name":"(anonymous_10)","line":144,"loc":{"start":{"line":144,"column":73},"end":{"line":144,"column":92}},"skip":true},"11":{"name":"(anonymous_11)","line":272,"loc":{"start":{"line":272,"column":51},"end":{"line":272,"column":77}},"skip":true},"12":{"name":"(anonymous_12)","line":315,"loc":{"start":{"line":315,"column":32},"end":{"line":315,"column":61}},"skip":true}},"statementMap":{"1":{"start":{"line":26,"column":0},"end":{"line":326,"column":5}},"2":{"start":{"line":28,"column":4},"end":{"line":28,"column":14}},"3":{"start":{"line":33,"column":4},"end":{"line":60,"column":9}},"4":{"start":{"line":35,"column":8},"end":{"line":35,"column":19}},"5":{"start":{"line":37,"column":8},"end":{"line":49,"column":13}},"6":{"start":{"line":38,"column":12},"end":{"line":48,"column":13}},"7":{"start":{"line":39,"column":16},"end":{"line":42,"column":30}},"8":{"start":{"line":44,"column":16},"end":{"line":47,"column":27}},"9":{"start":{"line":51,"column":8},"end":{"line":53,"column":21}},"10":{"start":{"line":55,"column":8},"end":{"line":57,"column":45}},"11":{"start":{"line":59,"column":8},"end":{"line":59,"column":35}},"12":{"start":{"line":61,"column":4},"end":{"line":325,"column":5}},"13":{"start":{"line":69,"column":8},"end":{"line":121,"column":10},"skip":true},"14":{"start":{"line":70,"column":12},"end":{"line":88,"column":13},"skip":true},"15":{"start":{"line":76,"column":16},"end":{"line":87,"column":19},"skip":true},"16":{"start":{"line":79,"column":20},"end":{"line":86,"column":21},"skip":true},"17":{"start":{"line":82,"column":24},"end":{"line":82,"column":43},"skip":true},"18":{"start":{"line":83,"column":24},"end":{"line":83,"column":30},"skip":true},"19":{"start":{"line":85,"column":24},"end":{"line":85,"column":49},"skip":true},"20":{"start":{"line":89,"column":12},"end":{"line":107,"column":13},"skip":true},"21":{"start":{"line":92,"column":16},"end":{"line":102,"column":17},"skip":true},"22":{"start":{"line":93,"column":20},"end":{"line":93,"column":86},"skip":true},"23":{"start":{"line":94,"column":20},"end":{"line":95,"column":45},"skip":true},"24":{"start":{"line":96,"column":20},"end":{"line":96,"column":42},"skip":true},"25":{"start":{"line":97,"column":20},"end":{"line":97,"column":48},"skip":true},"26":{"start":{"line":100,"column":20},"end":{"line":100,"column":85},"skip":true},"27":{"start":{"line":101,"column":20},"end":{"line":101,"column":96},"skip":true},"28":{"start":{"line":103,"column":16},"end":{"line":103,"column":22},"skip":true},"29":{"start":{"line":106,"column":16},"end":{"line":106,"column":22},"skip":true},"30":{"start":{"line":108,"column":12},"end":{"line":120,"column":13},"skip":true},"31":{"start":{"line":114,"column":16},"end":{"line":119,"column":17},"skip":true},"32":{"start":{"line":116,"column":20},"end":{"line":116,"column":78},"skip":true},"33":{"start":{"line":118,"column":20},"end":{"line":118,"column":47},"skip":true},"34":{"start":{"line":123,"column":8},"end":{"line":141,"column":11},"skip":true},"35":{"start":{"line":124,"column":12},"end":{"line":124,"column":54},"skip":true},"36":{"start":{"line":125,"column":12},"end":{"line":140,"column":14},"skip":true},"37":{"start":{"line":126,"column":16},"end":{"line":126,"column":28},"skip":true},"38":{"start":{"line":127,"column":16},"end":{"line":127,"column":69},"skip":true},"39":{"start":{"line":128,"column":16},"end":{"line":128,"column":75},"skip":true},"40":{"start":{"line":129,"column":16},"end":{"line":131,"column":17},"skip":true},"41":{"start":{"line":130,"column":20},"end":{"line":130,"column":27},"skip":true},"42":{"start":{"line":133,"column":16},"end":{"line":137,"column":36},"skip":true},"43":{"start":{"line":134,"column":20},"end":{"line":136,"column":55},"skip":true},"44":{"start":{"line":139,"column":16},"end":{"line":139,"column":57},"skip":true},"45":{"start":{"line":143,"column":8},"end":{"line":147,"column":11},"skip":true},"46":{"start":{"line":144,"column":12},"end":{"line":146,"column":15},"skip":true},"47":{"start":{"line":145,"column":16},"end":{"line":145,"column":70},"skip":true},"48":{"start":{"line":149,"column":8},"end":{"line":149,"column":31},"skip":true},"49":{"start":{"line":150,"column":8},"end":{"line":150,"column":14},"skip":true},"50":{"start":{"line":158,"column":8},"end":{"line":158,"column":31},"skip":true},"51":{"start":{"line":160,"column":8},"end":{"line":160,"column":33},"skip":true},"52":{"start":{"line":161,"column":8},"end":{"line":161,"column":37},"skip":true},"53":{"start":{"line":162,"column":8},"end":{"line":162,"column":35},"skip":true},"54":{"start":{"line":164,"column":8},"end":{"line":164,"column":50},"skip":true},"55":{"start":{"line":166,"column":8},"end":{"line":256,"column":2},"skip":true},"56":{"start":{"line":258,"column":8},"end":{"line":286,"column":9},"skip":true},"57":{"start":{"line":259,"column":12},"end":{"line":269,"column":14},"skip":true},"58":{"start":{"line":271,"column":12},"end":{"line":285,"column":19},"skip":true},"59":{"start":{"line":274,"column":20},"end":{"line":274,"column":35},"skip":true},"60":{"start":{"line":275,"column":20},"end":{"line":284,"column":21},"skip":true},"61":{"start":{"line":277,"column":24},"end":{"line":277,"column":64},"skip":true},"62":{"start":{"line":279,"column":24},"end":{"line":279,"column":40},"skip":true},"63":{"start":{"line":281,"column":24},"end":{"line":281,"column":40},"skip":true},"64":{"start":{"line":283,"column":24},"end":{"line":283,"column":39},"skip":true},"65":{"start":{"line":288,"column":8},"end":{"line":290,"column":9},"skip":true},"66":{"start":{"line":289,"column":12},"end":{"line":289,"column":18},"skip":true},"67":{"start":{"line":291,"column":8},"end":{"line":293,"column":54},"skip":true},"68":{"start":{"line":296,"column":8},"end":{"line":301,"column":37},"skip":true},"69":{"start":{"line":303,"column":8},"end":{"line":303,"column":82},"skip":true},"70":{"start":{"line":306,"column":8},"end":{"line":308,"column":9},"skip":true},"71":{"start":{"line":307,"column":12},"end":{"line":307,"column":82},"skip":true},"72":{"start":{"line":310,"column":8},"end":{"line":312,"column":9},"skip":true},"73":{"start":{"line":311,"column":12},"end":{"line":311,"column":18},"skip":true},"74":{"start":{"line":313,"column":8},"end":{"line":313,"column":54},"skip":true},"75":{"start":{"line":314,"column":8},"end":{"line":314,"column":69},"skip":true},"76":{"start":{"line":315,"column":8},"end":{"line":323,"column":36},"skip":true},"77":{"start":{"line":316,"column":12},"end":{"line":316,"column":61},"skip":true},"78":{"start":{"line":317,"column":12},"end":{"line":320,"column":13},"skip":true},"79":{"start":{"line":318,"column":16},"end":{"line":318,"column":75},"skip":true},"80":{"start":{"line":319,"column":16},"end":{"line":319,"column":23},"skip":true},"81":{"start":{"line":321,"column":12},"end":{"line":321,"column":38},"skip":true},"82":{"start":{"line":322,"column":12},"end":{"line":322,"column":27},"skip":true},"83":{"start":{"line":324,"column":8},"end":{"line":324,"column":14},"skip":true}},"branchMap":{"1":{"line":39,"type":"binary-expr","locations":[{"start":{"line":39,"column":23},"end":{"line":39,"column":62}},{"start":{"line":40,"column":20},"end":{"line":40,"column":70}},{"start":{"line":41,"column":20},"end":{"line":41,"column":71}},{"start":{"line":42,"column":20},"end":{"line":42,"column":29}}]},"2":{"line":44,"type":"binary-expr","locations":[{"start":{"line":44,"column":23},"end":{"line":44,"column":37}},{"start":{"line":45,"column":20},"end":{"line":45,"column":61}},{"start":{"line":46,"column":20},"end":{"line":46,"column":70}},{"start":{"line":47,"column":20},"end":{"line":47,"column":26}}]},"3":{"line":51,"type":"cond-expr","locations":[{"start":{"line":52,"column":14},"end":{"line":52,"column":20}},{"start":{"line":53,"column":14},"end":{"line":53,"column":20}}]},"4":{"line":55,"type":"binary-expr","locations":[{"start":{"line":55,"column":16},"end":{"line":55,"column":44}},{"start":{"line":55,"column":49},"end":{"line":57,"column":43}}]},"5":{"line":55,"type":"cond-expr","locations":[{"start":{"line":56,"column":14},"end":{"line":56,"column":55}},{"start":{"line":57,"column":14},"end":{"line":57,"column":43}}]},"6":{"line":61,"type":"switch","locations":[{"start":{"line":68,"column":4},"end":{"line":150,"column":14},"skip":true},{"start":{"line":156,"column":4},"end":{"line":324,"column":14},"skip":true}]},"7":{"line":70,"type":"if","locations":[{"start":{"line":70,"column":12},"end":{"line":70,"column":12},"skip":true},{"start":{"line":70,"column":12},"end":{"line":70,"column":12},"skip":true}]},"8":{"line":70,"type":"binary-expr","locations":[{"start":{"line":70,"column":16},"end":{"line":70,"column":22},"skip":true},{"start":{"line":70,"column":27},"end":{"line":70,"column":32},"skip":true},{"start":{"line":71,"column":20},"end":{"line":71,"column":39},"skip":true},{"start":{"line":72,"column":20},"end":{"line":72,"column":49},"skip":true},{"start":{"line":73,"column":20},"end":{"line":73,"column":58},"skip":true},{"start":{"line":74,"column":20},"end":{"line":74,"column":69},"skip":true}]},"9":{"line":79,"type":"switch","locations":[{"start":{"line":80,"column":20},"end":{"line":80,"column":33},"skip":true},{"start":{"line":81,"column":20},"end":{"line":83,"column":30},"skip":true},{"start":{"line":84,"column":20},"end":{"line":85,"column":49},"skip":true}]},"10":{"line":89,"type":"switch","locations":[{"start":{"line":90,"column":12},"end":{"line":103,"column":22},"skip":true},{"start":{"line":105,"column":12},"end":{"line":106,"column":22},"skip":true}]},"11":{"line":89,"type":"binary-expr","locations":[{"start":{"line":89,"column":20},"end":{"line":89,"column":25},"skip":true},{"start":{"line":89,"column":29},"end":{"line":89,"column":48},"skip":true},{"start":{"line":89,"column":52},"end":{"line":89,"column":74},"skip":true}]},"12":{"line":92,"type":"if","locations":[{"start":{"line":92,"column":16},"end":{"line":92,"column":16},"skip":true},{"start":{"line":92,"column":16},"end":{"line":92,"column":16},"skip":true}]},"13":{"line":108,"type":"if","locations":[{"start":{"line":108,"column":12},"end":{"line":108,"column":12},"skip":true},{"start":{"line":108,"column":12},"end":{"line":108,"column":12},"skip":true}]},"14":{"line":108,"type":"binary-expr","locations":[{"start":{"line":108,"column":16},"end":{"line":108,"column":61},"skip":true},{"start":{"line":108,"column":66},"end":{"line":108,"column":72},"skip":true},{"start":{"line":108,"column":77},"end":{"line":108,"column":82},"skip":true},{"start":{"line":109,"column":20},"end":{"line":109,"column":39},"skip":true},{"start":{"line":110,"column":20},"end":{"line":110,"column":49},"skip":true},{"start":{"line":111,"column":20},"end":{"line":111,"column":58},"skip":true},{"start":{"line":112,"column":20},"end":{"line":112,"column":68},"skip":true}]},"15":{"line":129,"type":"if","locations":[{"start":{"line":129,"column":16},"end":{"line":129,"column":16},"skip":true},{"start":{"line":129,"column":16},"end":{"line":129,"column":16},"skip":true}]},"16":{"line":134,"type":"cond-expr","locations":[{"start":{"line":135,"column":26},"end":{"line":135,"column":29},"skip":true},{"start":{"line":136,"column":26},"end":{"line":136,"column":54},"skip":true}]},"17":{"line":164,"type":"binary-expr","locations":[{"start":{"line":164,"column":27},"end":{"line":164,"column":43},"skip":true},{"start":{"line":164,"column":47},"end":{"line":164,"column":49},"skip":true}]},"18":{"line":258,"type":"if","locations":[{"start":{"line":258,"column":8},"end":{"line":258,"column":8},"skip":true},{"start":{"line":258,"column":8},"end":{"line":258,"column":8},"skip":true}]},"19":{"line":275,"type":"switch","locations":[{"start":{"line":276,"column":20},"end":{"line":277,"column":64},"skip":true},{"start":{"line":278,"column":20},"end":{"line":279,"column":40},"skip":true},{"start":{"line":280,"column":20},"end":{"line":281,"column":40},"skip":true},{"start":{"line":282,"column":20},"end":{"line":283,"column":39},"skip":true}]},"20":{"line":288,"type":"if","locations":[{"start":{"line":288,"column":8},"end":{"line":288,"column":8},"skip":true},{"start":{"line":288,"column":8},"end":{"line":288,"column":8},"skip":true}]},"21":{"line":288,"type":"binary-expr","locations":[{"start":{"line":288,"column":12},"end":{"line":288,"column":40},"skip":true},{"start":{"line":288,"column":44},"end":{"line":288,"column":67},"skip":true}]},"22":{"line":292,"type":"binary-expr","locations":[{"start":{"line":292,"column":12},"end":{"line":292,"column":50},"skip":true},{"start":{"line":293,"column":12},"end":{"line":293,"column":53},"skip":true}]},"23":{"line":297,"type":"binary-expr","locations":[{"start":{"line":297,"column":12},"end":{"line":297,"column":69},"skip":true},{"start":{"line":298,"column":12},"end":{"line":301,"column":36},"skip":true}]},"24":{"line":303,"type":"binary-expr","locations":[{"start":{"line":303,"column":43},"end":{"line":303,"column":75},"skip":true},{"start":{"line":303,"column":79},"end":{"line":303,"column":81},"skip":true}]},"25":{"line":306,"type":"if","locations":[{"start":{"line":306,"column":8},"end":{"line":306,"column":8},"skip":true},{"start":{"line":306,"column":8},"end":{"line":306,"column":8},"skip":true}]},"26":{"line":310,"type":"if","locations":[{"start":{"line":310,"column":8},"end":{"line":310,"column":8},"skip":true},{"start":{"line":310,"column":8},"end":{"line":310,"column":8},"skip":true}]},"27":{"line":313,"type":"binary-expr","locations":[{"start":{"line":313,"column":27},"end":{"line":313,"column":43},"skip":true},{"start":{"line":313,"column":47},"end":{"line":313,"column":53},"skip":true}]},"28":{"line":317,"type":"if","locations":[{"start":{"line":317,"column":12},"end":{"line":317,"column":12},"skip":true},{"start":{"line":317,"column":12},"end":{"line":317,"column":12},"skip":true}]}},"code":["/*","example.js","","quickstart example","","instruction","    1. save this script as example.js","    2. run the shell command:","        $ npm install npmtest-gulp-ngdocs && PORT=8081 node example.js","    3. play with the browser-demo on http://127.0.0.1:8081","*/","","","","/* istanbul instrument in package npmtest_gulp_ngdocs */","/*jslint","    bitwise: true,","    browser: true,","    maxerr: 8,","    maxlen: 96,","    node: true,","    nomen: true,","    regexp: true,","    stupid: true","*/","(function () {","    'use strict';","    var local;","","","","    // run shared js-env code - pre-init","    (function () {","        // init local","        local = {};","        // init modeJs","        local.modeJs = (function () {","            try {","                return typeof navigator.userAgent === 'string' &&","                    typeof document.querySelector('body') === 'object' &&","                    typeof XMLHttpRequest.prototype.open === 'function' &&","                    'browser';","            } catch (errorCaughtBrowser) {","                return module.exports &&","                    typeof process.versions.node === 'string' &&","                    typeof require('http').createServer === 'function' &&","                    'node';","            }","        }());","        // init global","        local.global = local.modeJs === 'browser'","            ? window","            : global;","        // init utility2_rollup","        local = local.global.utility2_rollup || (local.modeJs === 'browser'","            ? local.global.utility2_npmtest_gulp_ngdocs","            : global.utility2_moduleExports);","        // export local","        local.global.local = local;","    }());","    switch (local.modeJs) {","","","","    // post-init","    // run browser js-env code - post-init","    /* istanbul ignore next */","    case 'browser':","        local.testRunBrowser = function (event) {","            if (!event || (event &&","                    event.currentTarget &&","                    event.currentTarget.className &&","                    event.currentTarget.className.includes &&","                    event.currentTarget.className.includes('onreset'))) {","                // reset output","                Array.from(","                    document.querySelectorAll('body > .resettable')","                ).forEach(function (element) {","                    switch (element.tagName) {","                    case 'INPUT':","                    case 'TEXTAREA':","                        element.value = '';","                        break;","                    default:","                        element.textContent = '';","                    }","                });","            }","            switch (event && event.currentTarget && event.currentTarget.id) {","            case 'testRunButton1':","                // show tests","                if (document.querySelector('#testReportDiv1').style.display === 'none') {","                    document.querySelector('#testReportDiv1').style.display = 'block';","                    document.querySelector('#testRunButton1').textContent =","                        'hide internal test';","                    local.modeTest = true;","                    local.testRunDefault(local);","                // hide tests","                } else {","                    document.querySelector('#testReportDiv1').style.display = 'none';","                    document.querySelector('#testRunButton1').textContent = 'run internal test';","                }","                break;","            // custom-case","            default:","                break;","            }","            if (document.querySelector('#inputTextareaEval1') && (!event || (event &&","                    event.currentTarget &&","                    event.currentTarget.className &&","                    event.currentTarget.className.includes &&","                    event.currentTarget.className.includes('oneval')))) {","                // try to eval input-code","                try {","                    /*jslint evil: true*/","                    eval(document.querySelector('#inputTextareaEval1').value);","                } catch (errorCaught) {","                    console.error(errorCaught);","                }","            }","        };","        // log stderr and stdout to #outputTextareaStdout1","        ['error', 'log'].forEach(function (key) {","            console[key + '_original'] = console[key];","            console[key] = function () {","                var element;","                console[key + '_original'].apply(console, arguments);","                element = document.querySelector('#outputTextareaStdout1');","                if (!element) {","                    return;","                }","                // append text to #outputTextareaStdout1","                element.value += Array.from(arguments).map(function (arg) {","                    return typeof arg === 'string'","                        ? arg","                        : JSON.stringify(arg, null, 4);","                }).join(' ') + '\\n';","                // scroll textarea to bottom","                element.scrollTop = element.scrollHeight;","            };","        });","        // init event-handling","        ['change', 'click', 'keyup'].forEach(function (event) {","            Array.from(document.querySelectorAll('.on' + event)).forEach(function (element) {","                element.addEventListener(event, local.testRunBrowser);","            });","        });","        // run tests","        local.testRunBrowser();","        break;","","","","    // run node js-env code - post-init","    /* istanbul ignore next */","    case 'node':","        // export local","        module.exports = local;","        // require modules","        local.fs = require('fs');","        local.http = require('http');","        local.url = require('url');","        // init assets","        local.assetsDict = local.assetsDict || {};","        /* jslint-ignore-begin */","        local.assetsDict['/assets.index.template.html'] = '\\","<!doctype html>\\n\\","<html lang=\"en\">\\n\\","<head>\\n\\","<meta charset=\"UTF-8\">\\n\\","<meta name=\"viewport\" content=\"width=device-width, initial-scale=1\">\\n\\","<title>{{env.npm_package_name}} (v{{env.npm_package_version}})</title>\\n\\","<style>\\n\\","/*csslint\\n\\","    box-sizing: false,\\n\\","    universal-selector: false\\n\\","*/\\n\\","* {\\n\\","    box-sizing: border-box;\\n\\","}\\n\\","body {\\n\\","    background: #dde;\\n\\","    font-family: Arial, Helvetica, sans-serif;\\n\\","    margin: 2rem;\\n\\","}\\n\\","body > * {\\n\\","    margin-bottom: 1rem;\\n\\","}\\n\\",".utility2FooterDiv {\\n\\","    margin-top: 20px;\\n\\","    text-align: center;\\n\\","}\\n\\","</style>\\n\\","<style>\\n\\","/*csslint\\n\\","*/\\n\\","textarea {\\n\\","    font-family: monospace;\\n\\","    height: 10rem;\\n\\","    width: 100%;\\n\\","}\\n\\","textarea[readonly] {\\n\\","    background: #ddd;\\n\\","}\\n\\","</style>\\n\\","</head>\\n\\","<body>\\n\\","<!-- utility2-comment\\n\\","<div id=\"ajaxProgressDiv1\" style=\"background: #d00; height: 2px; left: 0; margin: 0; padding: 0; position: fixed; top: 0; transition: background 0.5s, width 1.5s; width: 25%;\"></div>\\n\\","utility2-comment -->\\n\\","<h1>\\n\\","<!-- utility2-comment\\n\\","    <a\\n\\","        {{#if env.npm_package_homepage}}\\n\\","        href=\"{{env.npm_package_homepage}}\"\\n\\","        {{/if env.npm_package_homepage}}\\n\\","        target=\"_blank\"\\n\\","    >\\n\\","utility2-comment -->\\n\\","        {{env.npm_package_name}} (v{{env.npm_package_version}})\\n\\","<!-- utility2-comment\\n\\","    </a>\\n\\","utility2-comment -->\\n\\","</h1>\\n\\","<h3>{{env.npm_package_description}}</h3>\\n\\","<!-- utility2-comment\\n\\","<h4><a download href=\"assets.app.js\">download standalone app</a></h4>\\n\\","<button class=\"onclick onreset\" id=\"testRunButton1\">run internal test</button><br>\\n\\","<div id=\"testReportDiv1\" style=\"display: none;\"></div>\\n\\","utility2-comment -->\\n\\","\\n\\","\\n\\","\\n\\","<label>stderr and stdout</label>\\n\\","<textarea class=\"resettable\" id=\"outputTextareaStdout1\" readonly></textarea>\\n\\","<!-- utility2-comment\\n\\","{{#if isRollup}}\\n\\","<script src=\"assets.app.js\"></script>\\n\\","{{#unless isRollup}}\\n\\","utility2-comment -->\\n\\","<script src=\"assets.utility2.rollup.js\"></script>\\n\\","<script src=\"jsonp.utility2._stateInit?callback=window.utility2._stateInit\"></script>\\n\\","<script src=\"assets.npmtest_gulp_ngdocs.rollup.js\"></script>\\n\\","<script src=\"assets.example.js\"></script>\\n\\","<script src=\"assets.test.js\"></script>\\n\\","<!-- utility2-comment\\n\\","{{/if isRollup}}\\n\\","utility2-comment -->\\n\\","<div class=\"utility2FooterDiv\">\\n\\","    [ this app was created with\\n\\","    <a href=\"https://github.com/kaizhu256/node-utility2\" target=\"_blank\">utility2</a>\\n\\","    ]\\n\\","</div>\\n\\","</body>\\n\\","</html>\\n\\","';","        /* jslint-ignore-end */","        if (local.templateRender) {","            local.assetsDict['/'] = local.templateRender(","                local.assetsDict['/assets.index.template.html'],","                {","                    env: local.objectSetDefault(local.env, {","                        npm_package_description: 'the greatest app in the world!',","                        npm_package_name: 'my-app',","                        npm_package_nameAlias: 'my_app',","                        npm_package_version: '0.0.1'","                    })","                }","            );","        } else {","            local.assetsDict['/'] = local.assetsDict['/assets.index.template.html']","                .replace((/\\{\\{env\\.(\\w+?)\\}\\}/g), function (match0, match1) {","                    // jslint-hack","                    String(match0);","                    switch (match1) {","                    case 'npm_package_description':","                        return 'the greatest app in the world!';","                    case 'npm_package_name':","                        return 'my-app';","                    case 'npm_package_nameAlias':","                        return 'my_app';","                    case 'npm_package_version':","                        return '0.0.1';","                    }","                });","        }","        // run the cli","        if (local.global.utility2_rollup || module !== require.main) {","            break;","        }","        local.assetsDict['/assets.example.js'] =","            local.assetsDict['/assets.example.js'] ||","            local.fs.readFileSync(__filename, 'utf8');","        // bug-workaround - long $npm_package_buildCustomOrg","        /* jslint-ignore-begin */","        local.assetsDict['/assets.npmtest_gulp_ngdocs.rollup.js'] =","            local.assetsDict['/assets.npmtest_gulp_ngdocs.rollup.js'] ||","            local.fs.readFileSync(","                local.npmtest_gulp_ngdocs.__dirname + '/lib.npmtest_gulp_ngdocs.js',","                'utf8'","            ).replace((/^#!/), '//');","        /* jslint-ignore-end */","        local.assetsDict['/favicon.ico'] = local.assetsDict['/favicon.ico'] || '';","        // if $npm_config_timeout_exit exists,","        // then exit this process after $npm_config_timeout_exit ms","        if (Number(process.env.npm_config_timeout_exit)) {","            setTimeout(process.exit, Number(process.env.npm_config_timeout_exit));","        }","        // start server","        if (local.global.utility2_serverHttp1) {","            break;","        }","        process.env.PORT = process.env.PORT || '8081';","        console.error('server starting on port ' + process.env.PORT);","        local.http.createServer(function (request, response) {","            request.urlParsed = local.url.parse(request.url);","            if (local.assetsDict[request.urlParsed.pathname] !== undefined) {","                response.end(local.assetsDict[request.urlParsed.pathname]);","                return;","            }","            response.statusCode = 404;","            response.end();","        }).listen(process.env.PORT);","        break;","    }","}());",""],"l":{"26":2,"28":2,"33":2,"35":2,"37":2,"38":2,"39":2,"44":1,"51":2,"55":2,"59":2,"61":2,"69":1,"70":2,"76":2,"79":2,"82":2,"83":2,"85":1,"89":2,"92":1,"93":1,"94":1,"96":1,"97":1,"100":1,"101":1,"103":1,"106":1,"108":2,"114":1,"116":1,"118":1,"123":1,"124":2,"125":2,"126":3,"127":3,"128":3,"129":3,"130":1,"133":3,"134":3,"139":3,"143":1,"144":3,"145":1,"149":1,"150":1,"158":1,"160":1,"161":1,"162":1,"164":1,"166":1,"258":1,"259":1,"271":1,"274":6,"275":6,"277":1,"279":2,"281":1,"283":2,"288":1,"289":1,"291":1,"296":1,"303":1,"306":1,"307":1,"310":1,"311":1,"313":1,"314":1,"315":1,"316":1,"317":1,"318":1,"319":1,"321":1,"322":1,"324":1}},"/home/travis/build/npmtest/node-npmtest-gulp-ngdocs/node_modules/gulp-ngdocs/index.js":{"path":"/home/travis/build/npmtest/node-npmtest-gulp-ngdocs/node_modules/gulp-ngdocs/index.js","s":{"1":1,"2":1,"3":1,"4":1,"5":1,"6":1,"7":1,"8":1,"9":1,"10":1,"11":1,"12":1,"13":1,"14":1,"15":1,"16":1,"17":1,"18":1,"19":1,"20":1,"21":1,"22":0,"23":0,"24":1,"25":0,"26":0,"27":0,"28":0,"29":0,"30":1,"31":0,"32":0,"33":0,"34":0,"35":0,"36":0,"37":0,"38":0,"39":0,"40":0,"41":0,"42":0,"43":0,"44":0,"45":0,"46":0,"47":0,"48":1,"49":0,"50":0,"51":0,"52":0,"53":0,"54":0,"55":0,"56":0,"57":0,"58":0,"59":0,"60":1,"61":0,"62":0,"63":0,"64":0,"65":0,"66":0,"67":0,"68":0,"69":0,"70":0,"71":1,"72":0,"73":0,"74":0,"75":0,"76":0,"77":0,"78":0,"79":0,"80":0,"81":0,"82":0,"83":0,"84":0,"85":1,"86":0,"87":0,"88":0,"89":0,"90":0,"91":0,"92":0,"93":0,"94":0,"95":0,"96":0,"97":0,"98":0,"99":0,"100":0,"101":0,"102":0,"103":0,"104":0,"105":0,"106":0,"107":0,"108":1,"109":0,"110":0,"111":0,"112":0,"113":0,"114":0,"115":0,"116":0,"117":0,"118":0,"119":0,"120":0,"121":0,"122":0,"123":0,"124":0,"125":0,"126":0,"127":0,"128":0,"129":0,"130":0,"131":0,"132":0,"133":0,"134":0,"135":0,"136":0,"137":0,"138":0,"139":0,"140":0,"141":0,"142":0,"143":0,"144":0,"145":0,"146":0,"147":0,"148":0,"149":0,"150":0,"151":0,"152":0,"153":0,"154":0,"155":0,"156":0,"157":0,"158":0,"159":0,"160":0,"161":0,"162":0,"163":0,"164":0,"165":0,"166":0,"167":0,"168":1},"b":{"1":[0,0],"2":[0,0],"3":[0,0],"4":[0,0],"5":[0,0],"6":[0,0],"7":[0,0],"8":[0,0],"9":[0,0],"10":[0,0],"11":[0,0],"12":[0,0],"13":[0,0],"14":[0,0],"15":[0,0],"16":[0,0],"17":[0,0],"18":[0,0],"19":[0,0],"20":[0,0],"21":[0,0],"22":[0,0],"23":[0,0],"24":[0,0],"25":[0,0],"26":[0,0],"27":[0,0],"28":[0,0],"29":[0,0],"30":[0,0]},"f":{"1":0,"2":0,"3":0,"4":0,"5":0,"6":0,"7":0,"8":0,"9":0,"10":0,"11":0,"12":0,"13":0,"14":0,"15":0,"16":0,"17":0,"18":0,"19":0,"20":0,"21":0,"22":0,"23":0},"fnMap":{"1":{"name":"copyTemplates","line":26,"loc":{"start":{"line":26,"column":0},"end":{"line":26,"column":25}}},"2":{"name":"(anonymous_2)","line":27,"loc":{"start":{"line":27,"column":9},"end":{"line":27,"column":21}}},"3":{"name":"streamFile","line":32,"loc":{"start":{"line":32,"column":0},"end":{"line":32,"column":42}}},"4":{"name":"(anonymous_4)","line":33,"loc":{"start":{"line":33,"column":9},"end":{"line":33,"column":21}}},"5":{"name":"(anonymous_5)","line":34,"loc":{"start":{"line":34,"column":42},"end":{"line":34,"column":73}}},"6":{"name":"sections","line":47,"loc":{"start":{"line":47,"column":0},"end":{"line":47,"column":25}}},"7":{"name":"(anonymous_7)","line":48,"loc":{"start":{"line":48,"column":28},"end":{"line":48,"column":49}}},"8":{"name":"(anonymous_8)","line":67,"loc":{"start":{"line":67,"column":8},"end":{"line":67,"column":33}}},"9":{"name":"processDoc","line":76,"loc":{"start":{"line":76,"column":0},"end":{"line":76,"column":26}}},"10":{"name":"joinNodeModules","line":124,"loc":{"start":{"line":124,"column":2},"end":{"line":124,"column":35}}},"11":{"name":"(anonymous_11)","line":125,"loc":{"start":{"line":125,"column":20},"end":{"line":125,"column":36}}},"12":{"name":"(anonymous_12)","line":139,"loc":{"start":{"line":139,"column":22},"end":{"line":139,"column":42}}},"13":{"name":"writeSetup","line":144,"loc":{"start":{"line":144,"column":2},"end":{"line":144,"column":24}}},"14":{"name":"transformFunction","line":188,"loc":{"start":{"line":188,"column":2},"end":{"line":188,"column":51}}},"15":{"name":"(anonymous_15)","line":199,"loc":{"start":{"line":199,"column":36},"end":{"line":199,"column":49}}},"16":{"name":"(anonymous_16)","line":201,"loc":{"start":{"line":201,"column":23},"end":{"line":201,"column":39}}},"17":{"name":"(anonymous_17)","line":207,"loc":{"start":{"line":207,"column":25},"end":{"line":207,"column":37}}},"18":{"name":"flushFunction","line":223,"loc":{"start":{"line":223,"column":2},"end":{"line":223,"column":30}}},"19":{"name":"(anonymous_19)","line":230,"loc":{"start":{"line":230,"column":28},"end":{"line":230,"column":41}}},"20":{"name":"(anonymous_20)","line":287,"loc":{"start":{"line":287,"column":43},"end":{"line":287,"column":59}}},"21":{"name":"(anonymous_21)","line":298,"loc":{"start":{"line":298,"column":28},"end":{"line":298,"column":49}}},"22":{"name":"(anonymous_22)","line":307,"loc":{"start":{"line":307,"column":46},"end":{"line":307,"column":62}}},"23":{"name":"(anonymous_23)","line":311,"loc":{"start":{"line":311,"column":41},"end":{"line":311,"column":56}}}},"statementMap":{"1":{"start":{"line":3,"column":0},"end":{"line":3,"column":31}},"2":{"start":{"line":4,"column":0},"end":{"line":4,"column":35}},"3":{"start":{"line":5,"column":0},"end":{"line":5,"column":37}},"4":{"start":{"line":7,"column":0},"end":{"line":7,"column":23}},"5":{"start":{"line":8,"column":0},"end":{"line":8,"column":30}},"6":{"start":{"line":9,"column":0},"end":{"line":9,"column":35}},"7":{"start":{"line":10,"column":0},"end":{"line":10,"column":31}},"8":{"start":{"line":11,"column":0},"end":{"line":11,"column":26}},"9":{"start":{"line":12,"column":0},"end":{"line":12,"column":33}},"10":{"start":{"line":13,"column":0},"end":{"line":13,"column":22}},"11":{"start":{"line":14,"column":0},"end":{"line":14,"column":36}},"12":{"start":{"line":15,"column":0},"end":{"line":15,"column":37}},"13":{"start":{"line":16,"column":0},"end":{"line":16,"column":60}},"14":{"start":{"line":17,"column":0},"end":{"line":17,"column":40}},"15":{"start":{"line":18,"column":0},"end":{"line":18,"column":36}},"16":{"start":{"line":20,"column":0},"end":{"line":20,"column":48}},"17":{"start":{"line":21,"column":0},"end":{"line":21,"column":29}},"18":{"start":{"line":22,"column":0},"end":{"line":22,"column":57}},"19":{"start":{"line":23,"column":0},"end":{"line":23,"column":58}},"20":{"start":{"line":24,"column":0},"end":{"line":24,"column":58}},"21":{"start":{"line":26,"column":0},"end":{"line":30,"column":1}},"22":{"start":{"line":27,"column":2},"end":{"line":29,"column":4}},"23":{"start":{"line":28,"column":4},"end":{"line":28,"column":61}},"24":{"start":{"line":32,"column":0},"end":{"line":45,"column":1}},"25":{"start":{"line":33,"column":2},"end":{"line":44,"column":4}},"26":{"start":{"line":34,"column":4},"end":{"line":43,"column":8}},"27":{"start":{"line":35,"column":6},"end":{"line":35,"column":84}},"28":{"start":{"line":36,"column":6},"end":{"line":41,"column":10}},"29":{"start":{"line":42,"column":6},"end":{"line":42,"column":21}},"30":{"start":{"line":47,"column":0},"end":{"line":74,"column":1}},"31":{"start":{"line":48,"column":2},"end":{"line":73,"column":8}},"32":{"start":{"line":49,"column":4},"end":{"line":51,"column":5}},"33":{"start":{"line":50,"column":6},"end":{"line":50,"column":26}},"34":{"start":{"line":52,"column":4},"end":{"line":54,"column":5}},"35":{"start":{"line":53,"column":6},"end":{"line":53,"column":99}},"36":{"start":{"line":55,"column":4},"end":{"line":57,"column":5}},"37":{"start":{"line":56,"column":6},"end":{"line":56,"column":23}},"38":{"start":{"line":58,"column":4},"end":{"line":60,"column":5}},"39":{"start":{"line":59,"column":6},"end":{"line":59,"column":22}},"40":{"start":{"line":61,"column":4},"end":{"line":61,"column":25}},"41":{"start":{"line":62,"column":4},"end":{"line":62,"column":29}},"42":{"start":{"line":63,"column":4},"end":{"line":63,"column":37}},"43":{"start":{"line":64,"column":4},"end":{"line":64,"column":31}},"44":{"start":{"line":65,"column":4},"end":{"line":72,"column":9}},"45":{"start":{"line":68,"column":10},"end":{"line":68,"column":29}},"46":{"start":{"line":69,"column":10},"end":{"line":69,"column":26}},"47":{"start":{"line":70,"column":10},"end":{"line":70,"column":19}},"48":{"start":{"line":76,"column":0},"end":{"line":332,"column":1}},"49":{"start":{"line":77,"column":2},"end":{"line":77,"column":20}},"50":{"start":{"line":79,"column":2},"end":{"line":89,"column":11}},"51":{"start":{"line":91,"column":2},"end":{"line":91,"column":19}},"52":{"start":{"line":93,"column":2},"end":{"line":97,"column":26}},"53":{"start":{"line":99,"column":2},"end":{"line":101,"column":3}},"54":{"start":{"line":100,"column":4},"end":{"line":100,"column":40}},"55":{"start":{"line":102,"column":2},"end":{"line":104,"column":3}},"56":{"start":{"line":103,"column":4},"end":{"line":103,"column":38}},"57":{"start":{"line":105,"column":2},"end":{"line":105,"column":29}},"58":{"start":{"line":106,"column":2},"end":{"line":106,"column":26}},"59":{"start":{"line":109,"column":2},"end":{"line":121,"column":4}},"60":{"start":{"line":124,"column":2},"end":{"line":137,"column":3}},"61":{"start":{"line":125,"column":4},"end":{"line":136,"column":7}},"62":{"start":{"line":126,"column":6},"end":{"line":127,"column":69}},"63":{"start":{"line":129,"column":6},"end":{"line":135,"column":7}},"64":{"start":{"line":130,"column":8},"end":{"line":130,"column":37}},"65":{"start":{"line":131,"column":13},"end":{"line":135,"column":7}},"66":{"start":{"line":132,"column":8},"end":{"line":132,"column":46}},"67":{"start":{"line":134,"column":8},"end":{"line":134,"column":50}},"68":{"start":{"line":139,"column":2},"end":{"line":142,"column":5}},"69":{"start":{"line":140,"column":4},"end":{"line":141,"column":29}},"70":{"start":{"line":141,"column":6},"end":{"line":141,"column":29}},"71":{"start":{"line":144,"column":2},"end":{"line":186,"column":3}},"72":{"start":{"line":145,"column":4},"end":{"line":159,"column":10}},"73":{"start":{"line":162,"column":4},"end":{"line":162,"column":54}},"74":{"start":{"line":163,"column":4},"end":{"line":165,"column":5}},"75":{"start":{"line":164,"column":6},"end":{"line":164,"column":31}},"76":{"start":{"line":166,"column":4},"end":{"line":166,"column":45}},"77":{"start":{"line":167,"column":4},"end":{"line":167,"column":40}},"78":{"start":{"line":168,"column":4},"end":{"line":173,"column":8}},"79":{"start":{"line":175,"column":4},"end":{"line":175,"column":40}},"80":{"start":{"line":176,"column":4},"end":{"line":176,"column":44}},"81":{"start":{"line":177,"column":4},"end":{"line":177,"column":40}},"82":{"start":{"line":178,"column":4},"end":{"line":178,"column":44}},"83":{"start":{"line":179,"column":4},"end":{"line":179,"column":36}},"84":{"start":{"line":180,"column":4},"end":{"line":185,"column":8}},"85":{"start":{"line":188,"column":2},"end":{"line":221,"column":3}},"86":{"start":{"line":189,"column":4},"end":{"line":192,"column":5}},"87":{"start":{"line":190,"column":6},"end":{"line":190,"column":21}},"88":{"start":{"line":191,"column":6},"end":{"line":191,"column":13}},"89":{"start":{"line":193,"column":4},"end":{"line":196,"column":5}},"90":{"start":{"line":194,"column":6},"end":{"line":194,"column":80}},"91":{"start":{"line":195,"column":6},"end":{"line":195,"column":13}},"92":{"start":{"line":197,"column":4},"end":{"line":219,"column":5}},"93":{"start":{"line":198,"column":6},"end":{"line":213,"column":7}},"94":{"start":{"line":199,"column":8},"end":{"line":205,"column":12}},"95":{"start":{"line":200,"column":10},"end":{"line":200,"column":22}},"96":{"start":{"line":201,"column":10},"end":{"line":203,"column":13}},"97":{"start":{"line":202,"column":12},"end":{"line":202,"column":34}},"98":{"start":{"line":204,"column":10},"end":{"line":204,"column":19}},"99":{"start":{"line":207,"column":8},"end":{"line":212,"column":11}},"100":{"start":{"line":208,"column":10},"end":{"line":208,"column":29}},"101":{"start":{"line":209,"column":10},"end":{"line":211,"column":11}},"102":{"start":{"line":210,"column":12},"end":{"line":210,"column":34}},"103":{"start":{"line":214,"column":6},"end":{"line":214,"column":49}},"104":{"start":{"line":215,"column":6},"end":{"line":217,"column":7}},"105":{"start":{"line":216,"column":8},"end":{"line":216,"column":38}},"106":{"start":{"line":218,"column":6},"end":{"line":218,"column":64}},"107":{"start":{"line":220,"column":4},"end":{"line":220,"column":19}},"108":{"start":{"line":223,"column":2},"end":{"line":266,"column":3}},"109":{"start":{"line":224,"column":4},"end":{"line":265,"column":5}},"110":{"start":{"line":225,"column":6},"end":{"line":225,"column":27}},"111":{"start":{"line":228,"column":6},"end":{"line":256,"column":7}},"112":{"start":{"line":229,"column":8},"end":{"line":229,"column":33}},"113":{"start":{"line":230,"column":8},"end":{"line":248,"column":11}},"114":{"start":{"line":231,"column":10},"end":{"line":247,"column":11}},"115":{"start":{"line":233,"column":12},"end":{"line":235,"column":67}},"116":{"start":{"line":236,"column":12},"end":{"line":241,"column":16}},"117":{"start":{"line":243,"column":12},"end":{"line":245,"column":53}},"118":{"start":{"line":246,"column":12},"end":{"line":246,"column":37}},"119":{"start":{"line":250,"column":8},"end":{"line":250,"column":65}},"120":{"start":{"line":252,"column":8},"end":{"line":252,"column":72}},"121":{"start":{"line":254,"column":8},"end":{"line":254,"column":32}},"122":{"start":{"line":255,"column":8},"end":{"line":255,"column":23}},"123":{"start":{"line":257,"column":6},"end":{"line":257,"column":23}},"124":{"start":{"line":259,"column":6},"end":{"line":262,"column":7}},"125":{"start":{"line":260,"column":8},"end":{"line":260,"column":30}},"126":{"start":{"line":261,"column":8},"end":{"line":261,"column":32}},"127":{"start":{"line":264,"column":6},"end":{"line":264,"column":15}},"128":{"start":{"line":268,"column":2},"end":{"line":268,"column":20}},"129":{"start":{"line":269,"column":2},"end":{"line":269,"column":66}},"130":{"start":{"line":270,"column":2},"end":{"line":270,"column":21}},"131":{"start":{"line":271,"column":2},"end":{"line":271,"column":26}},"132":{"start":{"line":272,"column":2},"end":{"line":272,"column":30}},"133":{"start":{"line":273,"column":2},"end":{"line":277,"column":3}},"134":{"start":{"line":274,"column":4},"end":{"line":276,"column":31}},"135":{"start":{"line":279,"column":2},"end":{"line":284,"column":3}},"136":{"start":{"line":280,"column":4},"end":{"line":283,"column":5}},"137":{"start":{"line":281,"column":6},"end":{"line":281,"column":64}},"138":{"start":{"line":282,"column":6},"end":{"line":282,"column":60}},"139":{"start":{"line":286,"column":2},"end":{"line":286,"column":23}},"140":{"start":{"line":287,"column":2},"end":{"line":296,"column":5}},"141":{"start":{"line":288,"column":4},"end":{"line":288,"column":40}},"142":{"start":{"line":289,"column":4},"end":{"line":289,"column":31}},"143":{"start":{"line":290,"column":4},"end":{"line":295,"column":5}},"144":{"start":{"line":291,"column":6},"end":{"line":291,"column":18}},"145":{"start":{"line":293,"column":6},"end":{"line":293,"column":89}},"146":{"start":{"line":294,"column":6},"end":{"line":294,"column":39}},"147":{"start":{"line":298,"column":2},"end":{"line":304,"column":5}},"148":{"start":{"line":299,"column":4},"end":{"line":299,"column":59}},"149":{"start":{"line":300,"column":4},"end":{"line":303,"column":5}},"150":{"start":{"line":301,"column":6},"end":{"line":301,"column":56}},"151":{"start":{"line":302,"column":6},"end":{"line":302,"column":62}},"152":{"start":{"line":307,"column":2},"end":{"line":309,"column":5}},"153":{"start":{"line":308,"column":4},"end":{"line":308,"column":37}},"154":{"start":{"line":311,"column":2},"end":{"line":319,"column":5}},"155":{"start":{"line":312,"column":6},"end":{"line":312,"column":42}},"156":{"start":{"line":313,"column":4},"end":{"line":318,"column":5}},"157":{"start":{"line":314,"column":6},"end":{"line":314,"column":18}},"158":{"start":{"line":316,"column":6},"end":{"line":316,"column":90}},"159":{"start":{"line":317,"column":6},"end":{"line":317,"column":40}},"160":{"start":{"line":321,"column":2},"end":{"line":321,"column":42}},"161":{"start":{"line":322,"column":2},"end":{"line":322,"column":57}},"162":{"start":{"line":323,"column":2},"end":{"line":323,"column":28}},"163":{"start":{"line":325,"column":2},"end":{"line":325,"column":19}},"164":{"start":{"line":326,"column":2},"end":{"line":329,"column":3}},"165":{"start":{"line":327,"column":4},"end":{"line":327,"column":51}},"166":{"start":{"line":328,"column":4},"end":{"line":328,"column":38}},"167":{"start":{"line":331,"column":2},"end":{"line":331,"column":20}},"168":{"start":{"line":334,"column":0},"end":{"line":337,"column":2}}},"branchMap":{"1":{"line":35,"type":"cond-expr","locations":[{"start":{"line":35,"column":34},"end":{"line":35,"column":76}},{"start":{"line":35,"column":79},"end":{"line":35,"column":83}}]},"2":{"line":49,"type":"if","locations":[{"start":{"line":49,"column":4},"end":{"line":49,"column":4}},{"start":{"line":49,"column":4},"end":{"line":49,"column":4}}]},"3":{"line":52,"type":"if","locations":[{"start":{"line":52,"column":4},"end":{"line":52,"column":4}},{"start":{"line":52,"column":4},"end":{"line":52,"column":4}}]},"4":{"line":55,"type":"if","locations":[{"start":{"line":55,"column":4},"end":{"line":55,"column":4}},{"start":{"line":55,"column":4},"end":{"line":55,"column":4}}]},"5":{"line":58,"type":"if","locations":[{"start":{"line":58,"column":4},"end":{"line":58,"column":4}},{"start":{"line":58,"column":4},"end":{"line":58,"column":4}}]},"6":{"line":77,"type":"binary-expr","locations":[{"start":{"line":77,"column":9},"end":{"line":77,"column":13}},{"start":{"line":77,"column":17},"end":{"line":77,"column":19}}]},"7":{"line":99,"type":"if","locations":[{"start":{"line":99,"column":2},"end":{"line":99,"column":2}},{"start":{"line":99,"column":2},"end":{"line":99,"column":2}}]},"8":{"line":99,"type":"binary-expr","locations":[{"start":{"line":99,"column":6},"end":{"line":99,"column":21}},{"start":{"line":99,"column":25},"end":{"line":99,"column":60}}]},"9":{"line":102,"type":"if","locations":[{"start":{"line":102,"column":2},"end":{"line":102,"column":2}},{"start":{"line":102,"column":2},"end":{"line":102,"column":2}}]},"10":{"line":102,"type":"binary-expr","locations":[{"start":{"line":102,"column":6},"end":{"line":102,"column":20}},{"start":{"line":102,"column":24},"end":{"line":102,"column":58}}]},"11":{"line":129,"type":"if","locations":[{"start":{"line":129,"column":6},"end":{"line":129,"column":6}},{"start":{"line":129,"column":6},"end":{"line":129,"column":6}}]},"12":{"line":131,"type":"if","locations":[{"start":{"line":131,"column":13},"end":{"line":131,"column":13}},{"start":{"line":131,"column":13},"end":{"line":131,"column":13}}]},"13":{"line":140,"type":"if","locations":[{"start":{"line":140,"column":4},"end":{"line":140,"column":4}},{"start":{"line":140,"column":4},"end":{"line":140,"column":4}}]},"14":{"line":163,"type":"if","locations":[{"start":{"line":163,"column":4},"end":{"line":163,"column":4}},{"start":{"line":163,"column":4},"end":{"line":163,"column":4}}]},"15":{"line":163,"type":"binary-expr","locations":[{"start":{"line":163,"column":8},"end":{"line":163,"column":24}},{"start":{"line":163,"column":28},"end":{"line":163,"column":58}}]},"16":{"line":189,"type":"if","locations":[{"start":{"line":189,"column":4},"end":{"line":189,"column":4}},{"start":{"line":189,"column":4},"end":{"line":189,"column":4}}]},"17":{"line":193,"type":"if","locations":[{"start":{"line":193,"column":4},"end":{"line":193,"column":4}},{"start":{"line":193,"column":4},"end":{"line":193,"column":4}}]},"18":{"line":197,"type":"if","locations":[{"start":{"line":197,"column":4},"end":{"line":197,"column":4}},{"start":{"line":197,"column":4},"end":{"line":197,"column":4}}]},"19":{"line":198,"type":"if","locations":[{"start":{"line":198,"column":6},"end":{"line":198,"column":6}},{"start":{"line":198,"column":6},"end":{"line":198,"column":6}}]},"20":{"line":209,"type":"if","locations":[{"start":{"line":209,"column":10},"end":{"line":209,"column":10}},{"start":{"line":209,"column":10},"end":{"line":209,"column":10}}]},"21":{"line":215,"type":"if","locations":[{"start":{"line":215,"column":6},"end":{"line":215,"column":6}},{"start":{"line":215,"column":6},"end":{"line":215,"column":6}}]},"22":{"line":224,"type":"if","locations":[{"start":{"line":224,"column":4},"end":{"line":224,"column":4}},{"start":{"line":224,"column":4},"end":{"line":224,"column":4}}]},"23":{"line":259,"type":"if","locations":[{"start":{"line":259,"column":6},"end":{"line":259,"column":6}},{"start":{"line":259,"column":6},"end":{"line":259,"column":6}}]},"24":{"line":273,"type":"if","locations":[{"start":{"line":273,"column":2},"end":{"line":273,"column":2}},{"start":{"line":273,"column":2},"end":{"line":273,"column":2}}]},"25":{"line":279,"type":"if","locations":[{"start":{"line":279,"column":2},"end":{"line":279,"column":2}},{"start":{"line":279,"column":2},"end":{"line":279,"column":2}}]},"26":{"line":280,"type":"if","locations":[{"start":{"line":280,"column":4},"end":{"line":280,"column":4}},{"start":{"line":280,"column":4},"end":{"line":280,"column":4}}]},"27":{"line":290,"type":"if","locations":[{"start":{"line":290,"column":4},"end":{"line":290,"column":4}},{"start":{"line":290,"column":4},"end":{"line":290,"column":4}}]},"28":{"line":300,"type":"if","locations":[{"start":{"line":300,"column":4},"end":{"line":300,"column":4}},{"start":{"line":300,"column":4},"end":{"line":300,"column":4}}]},"29":{"line":313,"type":"if","locations":[{"start":{"line":313,"column":4},"end":{"line":313,"column":4}},{"start":{"line":313,"column":4},"end":{"line":313,"column":4}}]},"30":{"line":326,"type":"if","locations":[{"start":{"line":326,"column":2},"end":{"line":326,"column":2}},{"start":{"line":326,"column":2},"end":{"line":326,"column":2}}]}},"code":["'use strict';","","var dom = require('./src/dom');","var ngdoc = require('./src/ngdoc');","var reader = require('./src/reader');","","var fs = require('fs');","var vfs = require('vinyl-fs');","var through2 = require('through2');","var extend = require('extend');","var _ = require('lodash');","var gutil = require('gulp-util');","var File = gutil.File;","var PluginError = gutil.PluginError;","var path = require('canonical-path');","var StringDecoder = require('string_decoder').StringDecoder;","var decoder = new StringDecoder('utf8');","var merge = require('merge-stream');","","var setup = {sections: {}, pages: [], apis: {}};","var fakeDest = '_FAKE_DEST_';","var templates = path.resolve(__dirname, 'src/templates');","var nodeModules = path.resolve(__dirname, 'node_modules');","var flattenedNodeModules = path.resolve(__dirname, '../');","","function copyTemplates() {","  return function () {","    return vfs.src(['**/*', '!**/*.tmpl'], {cwd: templates});","  };","}","","function streamFile(src, dir, dest, name) {","  return function () {","    return vfs.src(src).pipe(through2.obj(function (file, enc, callback) {","      name = name === undefined ? path.normalize(file.path).split('/').pop() : name;","      this.push(new File({","        base: dest,","        cwd: dest,","        path: path.join(dest, dir, name),","        contents: file.contents","      }));","      callback(null);","    }));","  };","}","","function sections(sects) {","  return merge(_.map(sects, function (data, key) {","    if (data instanceof String) {","      data = {glob: data};","    }","    if (!data.hasOwnProperty('glob')) {","      throw new PluginError('gulp-ngdocs', 'Invalid sections, please refer to the documentation.');","    }","    if (!data.hasOwnProperty('title')) {","      data.title = key;","    }","    if (!data.hasOwnProperty('api')) {","      data.api = true;","    }","    var glob = data.glob;","    var opts = data.globOpts;","    setup.sections[key] = data.title;","    setup.apis[key] = data.api;","    return vfs.src(glob, opts)","      .pipe(through2.obj(","        function (file, enc, cb) {","          file.section = key;","          this.push(file);","          cb(null);","        }","      ));","    }));","}","","function processDoc(opts) {","  opts = opts || {};","","  var options = extend({","    startPage: '/api',","    scripts: [],","    styles: [],","    title: 'API Documentation',","    html5Mode: true,","    editExample: true,","    navTemplate: false,","    navContent: '',","    navTemplateData: {}","  }, opts);","","  setup.pages = [];","  //Extend loadDefaults","  options.loadDefaults = extend({","      angular: true,","      angularAnimate: true,","      marked: true","    }, opts.loadDefaults);","","  if (options.scripts && !(options.scripts instanceof Array)) {","    options.scripts = [options.scripts];","  }","  if (options.styles && !(options.styles instanceof Array)) {","    options.styles = [options.styles];","  }","  var defaultSection = 'api';","  var defaultScripts = [];","","  //Default root paths for scripts","  var scriptPaths = {","    angular : [","      'angular/angular.min.js',","      'angular/angular.min.js.map'","    ],","    angularAnimate: [","      'angular-animate/angular-animate.min.js',","      'angular-animate/angular-animate.min.js.map'","    ],","    marked: [","      'marked/lib/marked.js'","    ]","  };","","  //Sets default script paths","  function joinNodeModules(jsPaths){","    _.each(jsPaths, function(jsPath){","      var libPath = path.join(nodeModules, jsPath),","          flattenedLibPath = path.join(flattenedNodeModules, jsPath);","","      if (fs.existsSync(libPath)) {","        defaultScripts.push(libPath);","      } else if (fs.existsSync(flattenedLibPath)) {","        defaultScripts.push(flattenedLibPath);","      } else {","        console.error('Could not find ' + jsPath);","      }","    });","  }","  //Iterate and checks to join paths","  _.each(scriptPaths, function(paths, key){","    if(options.loadDefaults[key])","      joinNodeModules(paths);","  });","","  function writeSetup() {","    var options = setup.__options,","        content, data = {","          scripts: options.scripts,","          styles: options.styles,","          sections: _.keys(setup.sections).join('|'),","          discussions: options.discussions,","          analytics: options.analytics,","          navContent: options.navContent,","          title: options.title,","          image: options.image,","          titleLink: options.titleLink,","          imageLink: options.imageLink,","          bestMatch: options.bestMatch,","          deferLoad: !!options.deferLoad","        };","","    // create index.html","    var index = path.resolve(templates, 'index.tmpl');","    if (options.template && path.resolve(options.template)) {","      index = options.template;","    }","    content = fs.readFileSync(index, 'utf8');","    content = _.template(content, data);","    docsStream.push(new File({","      base: fakeDest,","      cwd: fakeDest,","      path: path.join(fakeDest, 'index.html'),","      contents: new Buffer(content, 'utf8')","    }));","    // create setup file","    setup.html5Mode = options.html5Mode;","    setup.editExample = options.editExample;","    setup.startPage = options.startPage;","    setup.discussions = options.discussions;","    setup.scripts = options.scripts;","    docsStream.push(new File({","      base: fakeDest,","      cwd: fakeDest,","      path: setup.__file,","      contents: new Buffer('NG_DOCS=' + JSON.stringify(setup, null, 2) + ';', 'utf8')","    }));","  }","","  function transformFunction (file, enc, callback) {","    if (file.isNull()) {","      callback(null);","      return; // ignore","    }","    if (file.isStream()) {","      callback(new gutil.PluginError('gulp-ngdocs', 'Streaming not supported'));","      return;","    }","    if (file.contents) {","      if (!merged) {","        merged = merge(fstreams.map(function (f) {","          var s = f();","          s.on('data', function (file) {","            docsStream.push(file);","          });","          return s;","        }));","","        merged.on('end', function () {","          mergedEnded = true;","          if (docsStreamEndCb) {","            docsStreamEndCb(null);","          }","        });","      }","      var content = decoder.write(file.contents);","      if (!file.section) {","        file.section = defaultSection;","      }","      reader.process(content, file.path, file.section, options);","    }","    callback(null);","  }","","  function flushFunction (cb) {","    if (merged) {","      docsStreamEndCb = cb;","      // IMPORTANT: If you do not want an error here to destroy a gulp watch,","      // see: http://stackoverflow.com/questions/23971388/prevent-errors-from-breaking-crashing-gulp-watch","      try{","        ngdoc.merge(reader.docs);","        reader.docs.forEach(function(doc){","          try {","            // this hack is here because on OSX angular.module and angular.Module map to the same file.","            var id = doc.id.replace('angular.Module', 'angular.IModule').replace(':', '.'),","                file = path.join(fakeDest, 'partials', doc.section, id + '.html'),","                dir = path.join(fakeDest, 'partials', doc.section);","            docsStream.push(new File({","              base: fakeDest,","              cwd: fakeDest,","              path: file,","              contents: new Buffer(doc.html(), 'utf8')","            }));","          } catch (docError) {","            var cause = docError.name + ': ' + docError.message,","                placement = doc.file + ':' + doc.line,","                message = cause + ' at ' + placement;","            throw new Error(message);","          }","        });","","        ngdoc.checkBrokenLinks(reader.docs, setup.apis, options);","","        setup.pages = _.union(setup.pages, ngdoc.metadata(reader.docs));","      } catch (flushError) {","        console.log(flushError);","        cb(flushError);","      }","      writeSetup(this);","","      if (mergedEnded) {","        docsStreamEndCb(null);","        docsStreamEndCb = false;","      }","    } else {","      cb(null);","    }","  }","","  var fstreams = [];","  var docsStream = through2.obj(transformFunction, flushFunction);","  var merged = false;","  var mergedEnded = false;","  var docsStreamEndCb = false;","  if (options.navTemplate) {","    options.navContent = _.template(","      fs.readFileSync(options.navTemplate, 'utf8'),","
[...]
":20,"column":2},"end":{"line":20,"column":17}},"11":{"start":{"line":21,"column":2},"end":{"line":21,"column":16}},"12":{"start":{"line":22,"column":2},"end":{"line":22,"column":15}},"13":{"start":{"line":23,"column":2},"end":{"line":23,"column":17}},"14":{"start":{"line":24,"column":2},"end":{"line":24,"column":17}},"15":{"start":{"line":25,"column":2},"end":{"line":25,"column":21}},"16":{"start":{"line":26,"column":2},"end":{"line":26,"column":29}},"17":{"start":{"line":29,"column":0},"end":{"line":33,"column":2}},"18":{"start":{"line":30,"column":2},"end":{"line":32,"column":3}},"19":{"start":{"line":31,"column":4},"end":{"line":31,"column":25}},"20":{"start":{"line":35,"column":0},"end":{"line":41,"column":2}},"21":{"start":{"line":36,"column":2},"end":{"line":40,"column":11}},"22":{"start":{"line":37,"column":4},"end":{"line":39,"column":5}},"23":{"start":{"line":38,"column":6},"end":{"line":38,"column":26}},"24":{"start":{"line":43,"column":0},"end":{"line":59,"column":2}},"25":{"start":{"line":44,"column":2},"end":{"line":45,"column":16}},"26":{"start":{"line":47,"column":2},"end":{"line":49,"column":3}},"27":{"start":{"line":48,"column":4},"end":{"line":48,"column":35}},"28":{"start":{"line":50,"column":2},"end":{"line":50,"column":21}},"29":{"start":{"line":52,"column":2},"end":{"line":52,"column":57}},"30":{"start":{"line":53,"column":2},"end":{"line":55,"column":3}},"31":{"start":{"line":54,"column":4},"end":{"line":54,"column":25}},"32":{"start":{"line":56,"column":2},"end":{"line":58,"column":3}},"33":{"start":{"line":57,"column":4},"end":{"line":57,"column":33}},"34":{"start":{"line":61,"column":0},"end":{"line":63,"column":2}},"35":{"start":{"line":62,"column":2},"end":{"line":62,"column":25}},"36":{"start":{"line":65,"column":0},"end":{"line":67,"column":2}},"37":{"start":{"line":66,"column":2},"end":{"line":66,"column":26}},"38":{"start":{"line":69,"column":0},"end":{"line":82,"column":2}},"39":{"start":{"line":70,"column":2},"end":{"line":70,"column":33}},"40":{"start":{"line":71,"column":2},"end":{"line":71,"column":28}},"41":{"start":{"line":72,"column":2},"end":{"line":72,"column":28}},"42":{"start":{"line":73,"column":2},"end":{"line":78,"column":3}},"43":{"start":{"line":74,"column":4},"end":{"line":74,"column":39}},"44":{"start":{"line":75,"column":4},"end":{"line":75,"column":124}},"45":{"start":{"line":76,"column":4},"end":{"line":76,"column":135}},"46":{"start":{"line":77,"column":4},"end":{"line":77,"column":21}},"47":{"start":{"line":79,"column":2},"end":{"line":79,"column":28}},"48":{"start":{"line":80,"column":2},"end":{"line":80,"column":29}},"49":{"start":{"line":81,"column":2},"end":{"line":81,"column":14}},"50":{"start":{"line":85,"column":0},"end":{"line":97,"column":2}},"51":{"start":{"line":86,"column":2},"end":{"line":86,"column":15}},"52":{"start":{"line":87,"column":2},"end":{"line":87,"column":53}},"53":{"start":{"line":88,"column":2},"end":{"line":88,"column":62}},"54":{"start":{"line":89,"column":2},"end":{"line":89,"column":57}},"55":{"start":{"line":90,"column":2},"end":{"line":90,"column":55}},"56":{"start":{"line":91,"column":2},"end":{"line":91,"column":53}},"57":{"start":{"line":92,"column":2},"end":{"line":92,"column":57}},"58":{"start":{"line":93,"column":2},"end":{"line":93,"column":57}},"59":{"start":{"line":94,"column":2},"end":{"line":94,"column":65}},"60":{"start":{"line":95,"column":2},"end":{"line":95,"column":24}},"61":{"start":{"line":96,"column":2},"end":{"line":96,"column":22}},"62":{"start":{"line":99,"column":0},"end":{"line":133,"column":2}},"63":{"start":{"line":100,"column":2},"end":{"line":101,"column":18}},"64":{"start":{"line":103,"column":2},"end":{"line":103,"column":37}},"65":{"start":{"line":104,"column":2},"end":{"line":104,"column":22}},"66":{"start":{"line":105,"column":2},"end":{"line":105,"column":21}},"67":{"start":{"line":106,"column":2},"end":{"line":106,"column":20}},"68":{"start":{"line":107,"column":2},"end":{"line":107,"column":22}},"69":{"start":{"line":108,"column":2},"end":{"line":108,"column":22}},"70":{"start":{"line":109,"column":2},"end":{"line":109,"column":26}},"71":{"start":{"line":110,"column":2},"end":{"line":110,"column":21}},"72":{"start":{"line":111,"column":2},"end":{"line":111,"column":22}},"73":{"start":{"line":113,"column":2},"end":{"line":132,"column":3}},"74":{"start":{"line":114,"column":4},"end":{"line":131,"column":7}},"75":{"start":{"line":115,"column":6},"end":{"line":117,"column":29}},"76":{"start":{"line":119,"column":6},"end":{"line":121,"column":7}},"77":{"start":{"line":120,"column":8},"end":{"line":120,"column":88}},"78":{"start":{"line":122,"column":6},"end":{"line":122,"column":58}},"79":{"start":{"line":122,"column":33},"end":{"line":122,"column":58}},"80":{"start":{"line":124,"column":6},"end":{"line":130,"column":20}},"81":{"start":{"line":135,"column":0},"end":{"line":146,"column":2}},"82":{"start":{"line":136,"column":2},"end":{"line":136,"column":15}},"83":{"start":{"line":137,"column":2},"end":{"line":137,"column":67}},"84":{"start":{"line":138,"column":2},"end":{"line":140,"column":3}},"85":{"start":{"line":139,"column":4},"end":{"line":139,"column":71}},"86":{"start":{"line":141,"column":2},"end":{"line":141,"column":50}},"87":{"start":{"line":142,"column":2},"end":{"line":142,"column":53}},"88":{"start":{"line":143,"column":2},"end":{"line":143,"column":58}},"89":{"start":{"line":144,"column":2},"end":{"line":144,"column":21}},"90":{"start":{"line":145,"column":2},"end":{"line":145,"column":22}}},"branchMap":{"1":{"line":30,"type":"if","locations":[{"start":{"line":30,"column":2},"end":{"line":30,"column":2}},{"start":{"line":30,"column":2},"end":{"line":30,"column":2}}]},"2":{"line":36,"type":"binary-expr","locations":[{"start":{"line":36,"column":2},"end":{"line":36,"column":6}},{"start":{"line":36,"column":10},"end":{"line":40,"column":10}}]},"3":{"line":37,"type":"if","locations":[{"start":{"line":37,"column":4},"end":{"line":37,"column":4}},{"start":{"line":37,"column":4},"end":{"line":37,"column":4}}]},"4":{"line":44,"type":"cond-expr","locations":[{"start":{"line":44,"column":36},"end":{"line":44,"column":46}},{"start":{"line":44,"column":49},"end":{"line":44,"column":67}}]},"5":{"line":47,"type":"if","locations":[{"start":{"line":47,"column":2},"end":{"line":47,"column":2}},{"start":{"line":47,"column":2},"end":{"line":47,"column":2}}]},"6":{"line":47,"type":"binary-expr","locations":[{"start":{"line":47,"column":6},"end":{"line":47,"column":22}},{"start":{"line":47,"column":26},"end":{"line":47,"column":37}}]},"7":{"line":53,"type":"if","locations":[{"start":{"line":53,"column":2},"end":{"line":53,"column":2}},{"start":{"line":53,"column":2},"end":{"line":53,"column":2}}]},"8":{"line":53,"type":"binary-expr","locations":[{"start":{"line":53,"column":6},"end":{"line":53,"column":25}},{"start":{"line":53,"column":29},"end":{"line":53,"column":47}},{"start":{"line":53,"column":51},"end":{"line":53,"column":69}},{"start":{"line":53,"column":73},"end":{"line":53,"column":94}}]},"9":{"line":56,"type":"if","locations":[{"start":{"line":56,"column":2},"end":{"line":56,"column":2}},{"start":{"line":56,"column":2},"end":{"line":56,"column":2}}]},"10":{"line":73,"type":"if","locations":[{"start":{"line":73,"column":2},"end":{"line":73,"column":2}},{"start":{"line":73,"column":2},"end":{"line":73,"column":2}}]},"11":{"line":119,"type":"if","locations":[{"start":{"line":119,"column":6},"end":{"line":119,"column":6}},{"start":{"line":119,"column":6},"end":{"line":119,"column":6}}]},"12":{"line":122,"type":"if","locations":[{"start":{"line":122,"column":6},"end":{"line":122,"column":6}},{"start":{"line":122,"column":6},"end":{"line":122,"column":6}}]},"13":{"line":127,"type":"cond-expr","locations":[{"start":{"line":128,"column":16},"end":{"line":128,"column":96}},{"start":{"line":129,"column":16},"end":{"line":129,"column":106}}]},"14":{"line":138,"type":"if","locations":[{"start":{"line":138,"column":2},"end":{"line":138,"column":2}},{"start":{"line":138,"column":2},"end":{"line":138,"column":2}}]}},"code":["var seqCount = 0;","var usedIds = {};","var makeUnique = {","  'index.html': true,","  'style.css': true,","  'script.js': true,","  'unit.js': true,","  'spec.js': true,","  'scenario.js': true","}","","function ids(list) {","  return list.map(function(item) { return item.id; }).join(' ');","};","","","exports.Example = function(scenarios) {","  this.module = '';","  this.deps = ['angular.js'];","  this.html = [];","  this.css = [];","  this.js = [];","  this.json = [];","  this.unit = [];","  this.scenario = [];","  this.scenarios = scenarios;","}","","exports.Example.prototype.setModule = function(module) {","  if (module) {","    this.module = module;","  }","};","","exports.Example.prototype.addDeps = function(deps) {","  deps && deps.split(/[\\s\\,]/).forEach(function(dep) {","    if (dep) {","      this.deps.push(dep);","    }","  }, this);","};","","exports.Example.prototype.addSource = function(name, content) {","  var ext = name == 'scenario.js' ? 'scenario' : name.split('.')[1],","      id = name;","","  if (makeUnique[name] && usedIds[id]) {","    id = name + '-' + (seqCount++);","  }","  usedIds[id] = true;","  ","  this[ext].push({name: name, content: content, id: id});","  if (name.match(/\\.js$/) && name !== 'spec.js' && name !== 'unit.js' && name != 'scenario.js') {","    this.deps.push(name);","  }","  if (ext == 'scenario') {","    this.scenarios.push(content);","  }","};","","exports.Example.prototype.enableAnimations = function() {","  this.animations = true;","};","","exports.Example.prototype.disableAnimations = function() {","  this.animations = false;","};","","exports.Example.prototype.toHtml = function() {","  var html = \"<h2>Source</h2>\\n\";","  html += this.toHtmlEdit();","  html += this.toHtmlTabs();","  if(this.animations) {","    html += '<div class=\"pull-right\">';","    html += ' <button class=\"btn btn-primary\" ng-click=\"animationsOff=true\" ng-hide=\"animationsOff\">Animations on</button>';","    html += ' <button class=\"btn btn-primary disabled\" ng-click=\"animationsOff=false\" ng-show=\"animationsOff\">Animations off</button>';","    html += '</div>';","  }","  html += \"<h2>Demo</h2>\\n\";","  html += this.toHtmlEmbed();","  return html;","};","","","exports.Example.prototype.toHtmlEdit = function() {","  var out = [];","  out.push('<div source-edit=\"' + this.module + '\"');","  out.push(' source-edit-deps=\"' + this.deps.join(' ') + '\"');","  out.push(' source-edit-html=\"' + ids(this.html) + '\"');","  out.push(' source-edit-css=\"' + ids(this.css) + '\"');","  out.push(' source-edit-js=\"' + ids(this.js) + '\"');","  out.push(' source-edit-json=\"' + ids(this.json) + '\"');","  out.push(' source-edit-unit=\"' + ids(this.unit) + '\"');","  out.push(' source-edit-scenario=\"' + ids(this.scenario) + '\"');","  out.push('></div>\\n');","  return out.join('');","};","","exports.Example.prototype.toHtmlTabs = function() {","  var out = [],","      self = this;","","  out.push('<div class=\"tabbable\">');","  htmlTabs(this.html);","  htmlTabs(this.css);","  htmlTabs(this.js);","  htmlTabs(this.json);","  htmlTabs(this.unit);","  htmlTabs(this.scenario);","  out.push('</div>');","  return out.join('');","","  function htmlTabs(sources) {","    sources.forEach(function(source) {","      var wrap = '',","          isCss = source.name.match(/\\.css$/),","          name = source.name;","","      if (name === 'index.html') {","        wrap = ' ng-html-wrap-loaded=\"' + self.module + ' ' + self.deps.join(' ') + '\"';","      }","      if (name == 'scenario.js') name = 'End to end test';","","      out.push(","        '<div class=\"tab-pane\" title=\"' + name + '\">\\n' +","          '<pre class=\"prettyprint linenums\" ng-set-text=\"' + source.id + '\"' + wrap + '></pre>\\n' +","          (isCss","             ? ('<style type=\"text/css\" id=\"' + source.id + '\">' + source.content + '</style>\\n')","             : ('<script type=\"text/ng-template\" id=\"' + source.id + '\">' + source.content + '</script>\\n') ) +","        '</div>\\n');","    });","  }","};","","exports.Example.prototype.toHtmlEmbed = function() {","  var out = [];","  out.push('<div class=\"well doc-example-live animate-container\"');","  if(this.animations) {","    out.push(\" ng-class=\\\"{'animations-off':animationsOff == true}\\\"\");","  }","  out.push(' ng-embed-app=\"' + this.module + '\"');","  out.push(' ng-set-html=\"' + this.html[0].id + '\"');","  out.push(' ng-eval-javascript=\"' + ids(this.js) + '\">');","  out.push('</div>');","  return out.join('');","};","",""],"l":{"1":1,"2":1,"3":1,"12":1,"13":0,"17":1,"18":0,"19":0,"20":0,"21":0,"22":0,"23":0,"24":0,"25":0,"26":0,"29":1,"30":0,"31":0,"35":1,"36":0,"37":0,"38":0,"43":1,"44":0,"47":0,"48":0,"50":0,"52":0,"53":0,"54":0,"56":0,"57":0,"61":1,"62":0,"65":1,"66":0,"69":1,"70":0,"71":0,"72":0,"73":0,"74":0,"75":0,"76":0,"77":0,"79":0,"80":0,"81":0,"85":1,"86":0,"87":0,"88":0,"89":0,"90":0,"91":0,"92":0,"93":0,"94":0,"95":0,"96":0,"99":1,"100":0,"103":0,"104":0,"105":0,"106":0,"107":0,"108":0,"109":0,"110":0,"111":0,"113":1,"114":0,"115":0,"119":0,"120":0,"122":0,"124":0,"135":1,"136":0,"137":0,"138":0,"139":0,"141":0,"142":0,"143":0,"144":0,"145":0}},"/home/travis/build/npmtest/node-npmtest-gulp-ngdocs/node_modules/gulp-ngdocs/src/reader.js":{"path":"/home/travis/build/npmtest/node-npmtest-gulp-ngdocs/node_modules/gulp-ngdocs/src/reader.js","s":{"1":1,"2":1,"3":1,"4":1,"5":0,"6":0,"7":0,"8":0,"9":0,"10":0,"11":1,"12":0,"13":0,"14":0,"15":0,"16":0,"17":0,"18":0,"19":0,"20":0,"21":0,"22":0,"23":0,"24":0,"25":0,"26":0,"27":0,"28":0,"29":0,"30":0,"31":0,"32":0,"33":0,"34":0},"b":{"1":[0,0],"2":[0,0],"3":[0,0],"4":[0,0],"5":[0,0],"6":[0,0],"7":[0,0],"8":[0,0]},"f":{"1":0,"2":0,"3":0,"4":0},"fnMap":{"1":{"name":"process","line":11,"loc":{"start":{"line":11,"column":0},"end":{"line":11,"column":50}}},"2":{"name":"(anonymous_2)","line":17,"loc":{"start":{"line":17,"column":59},"end":{"line":17,"column":73}}},"3":{"name":"processJsFile","line":26,"loc":{"start":{"line":26,"column":0},"end":{"line":26,"column":56}}},"4":{"name":"(anonymous_4)","line":34,"loc":{"start":{"line":34,"column":16},"end":{"line":34,"column":42}}}},"statementMap":{"1":{"start":{"line":5,"column":0},"end":{"line":5,"column":18}},"2":{"start":{"line":6,"column":0},"end":{"line":6,"column":26}},"3":{"start":{"line":8,"column":0},"end":{"line":9,"column":23}},"4":{"start":{"line":11,"column":0},"end":{"line":24,"column":1}},"5":{"start":{"line":16,"column":2},"end":{"line":23,"column":3}},"6":{"start":{"line":17,"column":4},"end":{"line":19,"column":7}},"7":{"start":{"line":18,"column":6},"end":{"line":18,"column":29}},"8":{"start":{"line":20,"column":9},"end":{"line":23,"column":3}},"9":{"start":{"line":21,"column":4},"end":{"line":21,"column":46}},"10":{"start":{"line":22,"column":4},"end":{"line":22,"column":91}},"11":{"start":{"line":26,"column":0},"end":{"line":60,"column":1}},"12":{"start":{"line":27,"column":2},"end":{"line":27,"column":16}},"13":{"start":{"line":28,"column":2},"end":{"line":28,"column":49}},"14":{"start":{"line":29,"column":2},"end":{"line":29,"column":11}},"15":{"start":{"line":30,"column":2},"end":{"line":30,"column":20}},"16":{"start":{"line":31,"column":2},"end":{"line":31,"column":12}},"17":{"start":{"line":32,"column":2},"end":{"line":32,"column":20}},"18":{"start":{"line":34,"column":2},"end":{"line":58,"column":5}},"19":{"start":{"line":35,"column":4},"end":{"line":35,"column":17}},"20":{"start":{"line":37,"column":4},"end":{"line":42,"column":5}},"21":{"start":{"line":38,"column":6},"end":{"line":38,"column":22}},"22":{"start":{"line":39,"column":6},"end":{"line":39,"column":19}},"23":{"start":{"line":40,"column":6},"end":{"line":40,"column":16}},"24":{"start":{"line":41,"column":6},"end":{"line":41,"column":32}},"25":{"start":{"line":44,"column":4},"end":{"line":53,"column":5}},"26":{"start":{"line":45,"column":6},"end":{"line":45,"column":29}},"27":{"start":{"line":46,"column":6},"end":{"line":46,"column":37}},"28":{"start":{"line":47,"column":6},"end":{"line":50,"column":7}},"29":{"start":{"line":49,"column":8},"end":{"line":49,"column":107}},"30":{"start":{"line":51,"column":6},"end":{"line":51,"column":17}},"31":{"start":{"line":52,"column":6},"end":{"line":52,"column":20}},"32":{"start":{"line":55,"column":4},"end":{"line":57,"column":5}},"33":{"start":{"line":56,"column":6},"end":{"line":56,"column":47}},"34":{"start":{"line":59,"column":2},"end":{"line":59,"column":14}}},"branchMap":{"1":{"line":16,"type":"if","locations":[{"start":{"line":16,"column":2},"end":{"line":16,"column":2}},{"start":{"line":16,"column":2},"end":{"line":16,"column":2}}]},"2":{"line":20,"type":"if","locations":[{"start":{"line":20,"column":9},"end":{"line":20,"column":9}},{"start":{"line":20,"column":9},"end":{"line":20,"column":9}}]},"3":{"line":37,"type":"if","locations":[{"start":{"line":37,"column":4},"end":{"line":37,"column":4}},{"start":{"line":37,"column":4},"end":{"line":37,"column":4}}]},"4":{"line":37,"type":"binary-expr","locations":[{"start":{"line":37,"column":8},"end":{"line":37,"column":14}},{"start":{"line":37,"column":19},"end":{"line":37,"column":59}}]},"5":{"line":44,"type":"if","locations":[{"start":{"line":44,"column":4},"end":{"line":44,"column":4}},{"start":{"line":44,"column":4},"end":{"line":44,"column":4}}]},"6":{"line":44,"type":"binary-expr","locations":[{"start":{"line":44,"column":8},"end":{"line":44,"column":13}},{"start":{"line":44,"column":17},"end":{"line":44,"column":35}}]},"7":{"line":47,"type":"if","locations":[{"start":{"line":47,"column":6},"end":{"line":47,"column":6}},{"start":{"line":47,"column":6},"end":{"line":47,"column":6}}]},"8":{"line":55,"type":"if","locations":[{"start":{"line":55,"column":4},"end":{"line":55,"column":4}},{"start":{"line":55,"column":4},"end":{"line":55,"column":4}}]}},"code":["/**"," * All reading related code here."," */","","exports.docs = [];","exports.process = process;","","var ngdoc = require('./ngdoc.js'),","    NEW_LINE = /\\n\\r?/;","","function process(content, file, section, options) {","  // console.log('-file-----\\n' + file)","  // console.log('-section-----\\n' + section)","  // console.log('-options-----\\n' + JSON.stringify(options, null, 2))","  // console.log('')","  if (/\\.js|.ts$/.test(file)) {","    processJsFile(content, file, section, options).forEach(function(doc) {","      exports.docs.push(doc);","    });","  } else if (file.match(/\\.ngdoc$/)) {","    var header = '@section ' + section + '\\n';","    exports.docs.push(new ngdoc.Doc(header + content.toString(),file, 1, options).parse());","  }","}","","function processJsFile(content, file, section, options) {","  var docs = [];","  var lines = content.toString().split(NEW_LINE);","  var text;","  var startingLine ;","  var match;","  var inDoc = false;","","  lines.forEach(function(line, lineNumber){","    lineNumber++;","    // is the comment starting?","    if (!inDoc && (match = line.match(/^\\s*\\/\\*\\*\\s*(.*)$/))) {","      line = match[1];","      inDoc = true;","      text = [];","      startingLine = lineNumber;","    }","    // are we done?","    if (inDoc && line.match(/\\*\\//)) {","      text = text.join('\\n');","      text = text.replace(/^\\n/, '');","      if (text.match(/@ngdoc/)){","        //console.log(file, startingLine)","        docs.push(new ngdoc.Doc('@section ' + section + '\\n' + text, file, startingLine, options).parse());","      }","      doc = null;","      inDoc = false;","    }","    // is the comment add text","    if (inDoc){","      text.push(line.replace(/^\\s*\\*\\s?/, ''));","    }","  });","  return docs;","}",""],"l":{"5":1,"6":1,"8":1,"11":1,"16":0,"17":0,"18":0,"20":0,"21":0,"22":0,"26":1,"27":0,"28":0,"29":0,"30":0,"31":0,"32":0,"34":0,"35":0,"37":0,"38":0,"39":0,"40":0,"41":0,"44":0,"45":0,"46":0,"47":0,"49":0,"51":0,"52":0,"55":0,"56":0,"59":0}}}